[16-05-2025 15:38:30] INFO: JWT_SECRET: 7424eeddacfddfcdb34c5307a9b166a47133b7b8cebf93cb42b7233316269e4eb11e87e76429e733a3e8c3d03757c2e8179516103a276ae45db724cd2d821486
[16-05-2025 15:38:30] INFO: interfaces: [object Object]
[16-05-2025 15:38:30] INFO: Local IP:", 192.168.1.25
[16-05-2025 15:38:30] INFO: ✅ MongoDB connected
[16-05-2025 15:38:30] INFO: 🚀  Server running at http://192.168.1.25:3005
[16-05-2025 15:39:59] INFO: Authorization header: Bearer eyJhbGciOiJIUzI1NiIsInR5cCI6IkpXVCJ9.eyJpZCI6MjgsImlhdCI6MTc0NzM4Nzc0MCwiZXhwIjoxNzQ3OTkyNTQwfQ.eTnSjWVUsEEW8aG2LkmL8RlB9fYHPKiKYsvitE4t7bY
[16-05-2025 15:39:59] INFO: Token extracted: eyJhbGciOiJIUzI1NiIsInR5cCI6IkpXVCJ9.eyJpZCI6MjgsImlhdCI6MTc0NzM4Nzc0MCwiZXhwIjoxNzQ3OTkyNTQwfQ.eTnSjWVUsEEW8aG2LkmL8RlB9fYHPKiKYsvitE4t7bY
[16-05-2025 15:39:59] INFO: Decoded token: 28
[16-05-2025 15:39:59] INFO: loginUserId: 28
[16-05-2025 15:39:59] INFO: Authorization header: Bearer eyJhbGciOiJIUzI1NiIsInR5cCI6IkpXVCJ9.eyJpZCI6MjgsImlhdCI6MTc0NzM4Nzc0MCwiZXhwIjoxNzQ3OTkyNTQwfQ.eTnSjWVUsEEW8aG2LkmL8RlB9fYHPKiKYsvitE4t7bY
[16-05-2025 15:39:59] INFO: Token extracted: eyJhbGciOiJIUzI1NiIsInR5cCI6IkpXVCJ9.eyJpZCI6MjgsImlhdCI6MTc0NzM4Nzc0MCwiZXhwIjoxNzQ3OTkyNTQwfQ.eTnSjWVUsEEW8aG2LkmL8RlB9fYHPKiKYsvitE4t7bY
[16-05-2025 15:39:59] INFO: Decoded token: 28
[16-05-2025 15:39:59] INFO: loginUserId: 28
[16-05-2025 15:40:18] INFO: Authorization header: Bearer eyJhbGciOiJIUzI1NiIsInR5cCI6IkpXVCJ9.eyJpZCI6MjgsImlhdCI6MTc0NzM4Nzc0MCwiZXhwIjoxNzQ3OTkyNTQwfQ.eTnSjWVUsEEW8aG2LkmL8RlB9fYHPKiKYsvitE4t7bY
[16-05-2025 15:40:18] INFO: Token extracted: eyJhbGciOiJIUzI1NiIsInR5cCI6IkpXVCJ9.eyJpZCI6MjgsImlhdCI6MTc0NzM4Nzc0MCwiZXhwIjoxNzQ3OTkyNTQwfQ.eTnSjWVUsEEW8aG2LkmL8RlB9fYHPKiKYsvitE4t7bY
[16-05-2025 15:40:18] INFO: Decoded token: 28
[16-05-2025 15:40:18] INFO: loginUserId: 28
[16-05-2025 15:40:18] INFO: Authorization header: Bearer eyJhbGciOiJIUzI1NiIsInR5cCI6IkpXVCJ9.eyJpZCI6MjgsImlhdCI6MTc0NzM4Nzc0MCwiZXhwIjoxNzQ3OTkyNTQwfQ.eTnSjWVUsEEW8aG2LkmL8RlB9fYHPKiKYsvitE4t7bY
[16-05-2025 15:40:18] INFO: Token extracted: eyJhbGciOiJIUzI1NiIsInR5cCI6IkpXVCJ9.eyJpZCI6MjgsImlhdCI6MTc0NzM4Nzc0MCwiZXhwIjoxNzQ3OTkyNTQwfQ.eTnSjWVUsEEW8aG2LkmL8RlB9fYHPKiKYsvitE4t7bY
[16-05-2025 15:40:18] INFO: Decoded token: 28
[16-05-2025 15:40:18] INFO: loginUserId: 28
[16-05-2025 15:40:22] INFO: Authorization header: Bearer eyJhbGciOiJIUzI1NiIsInR5cCI6IkpXVCJ9.eyJpZCI6MjgsImlhdCI6MTc0NzM4Nzc0MCwiZXhwIjoxNzQ3OTkyNTQwfQ.eTnSjWVUsEEW8aG2LkmL8RlB9fYHPKiKYsvitE4t7bY
[16-05-2025 15:40:22] INFO: Token extracted: eyJhbGciOiJIUzI1NiIsInR5cCI6IkpXVCJ9.eyJpZCI6MjgsImlhdCI6MTc0NzM4Nzc0MCwiZXhwIjoxNzQ3OTkyNTQwfQ.eTnSjWVUsEEW8aG2LkmL8RlB9fYHPKiKYsvitE4t7bY
[16-05-2025 15:40:22] INFO: Decoded token: 28
[16-05-2025 15:40:22] INFO: loginUserId: 28
[16-05-2025 15:40:22] INFO: Authorization header: Bearer eyJhbGciOiJIUzI1NiIsInR5cCI6IkpXVCJ9.eyJpZCI6MjgsImlhdCI6MTc0NzM4Nzc0MCwiZXhwIjoxNzQ3OTkyNTQwfQ.eTnSjWVUsEEW8aG2LkmL8RlB9fYHPKiKYsvitE4t7bY
[16-05-2025 15:40:22] INFO: Token extracted: eyJhbGciOiJIUzI1NiIsInR5cCI6IkpXVCJ9.eyJpZCI6MjgsImlhdCI6MTc0NzM4Nzc0MCwiZXhwIjoxNzQ3OTkyNTQwfQ.eTnSjWVUsEEW8aG2LkmL8RlB9fYHPKiKYsvitE4t7bY
[16-05-2025 15:40:22] INFO: Decoded token: 28
[16-05-2025 15:40:22] INFO: loginUserId: 28
[16-05-2025 15:45:17] INFO: Authorization header: Bearer eyJhbGciOiJIUzI1NiIsInR5cCI6IkpXVCJ9.eyJpZCI6MjgsImlhdCI6MTc0NzM4Nzc0MCwiZXhwIjoxNzQ3OTkyNTQwfQ.eTnSjWVUsEEW8aG2LkmL8RlB9fYHPKiKYsvitE4t7bY
[16-05-2025 15:45:17] INFO: Token extracted: eyJhbGciOiJIUzI1NiIsInR5cCI6IkpXVCJ9.eyJpZCI6MjgsImlhdCI6MTc0NzM4Nzc0MCwiZXhwIjoxNzQ3OTkyNTQwfQ.eTnSjWVUsEEW8aG2LkmL8RlB9fYHPKiKYsvitE4t7bY
[16-05-2025 15:45:17] INFO: Decoded token: 28
[16-05-2025 15:45:17] INFO: loginUserId: 28
[16-05-2025 15:45:17] INFO: Authorization header: Bearer eyJhbGciOiJIUzI1NiIsInR5cCI6IkpXVCJ9.eyJpZCI6MjgsImlhdCI6MTc0NzM4Nzc0MCwiZXhwIjoxNzQ3OTkyNTQwfQ.eTnSjWVUsEEW8aG2LkmL8RlB9fYHPKiKYsvitE4t7bY
[16-05-2025 15:45:17] INFO: Token extracted: eyJhbGciOiJIUzI1NiIsInR5cCI6IkpXVCJ9.eyJpZCI6MjgsImlhdCI6MTc0NzM4Nzc0MCwiZXhwIjoxNzQ3OTkyNTQwfQ.eTnSjWVUsEEW8aG2LkmL8RlB9fYHPKiKYsvitE4t7bY
[16-05-2025 15:45:17] INFO: Decoded token: 28
[16-05-2025 15:45:17] INFO: loginUserId: 28
[16-05-2025 15:48:47] INFO: Authorization header: Bearer eyJhbGciOiJIUzI1NiIsInR5cCI6IkpXVCJ9.eyJpZCI6MjgsImlhdCI6MTc0NzM4Nzc0MCwiZXhwIjoxNzQ3OTkyNTQwfQ.eTnSjWVUsEEW8aG2LkmL8RlB9fYHPKiKYsvitE4t7bY
[16-05-2025 15:48:47] INFO: Token extracted: eyJhbGciOiJIUzI1NiIsInR5cCI6IkpXVCJ9.eyJpZCI6MjgsImlhdCI6MTc0NzM4Nzc0MCwiZXhwIjoxNzQ3OTkyNTQwfQ.eTnSjWVUsEEW8aG2LkmL8RlB9fYHPKiKYsvitE4t7bY
[16-05-2025 15:48:47] INFO: Decoded token: 28
[16-05-2025 15:48:47] INFO: loginUserId: 28
[16-05-2025 15:48:47] INFO: Authorization header: Bearer eyJhbGciOiJIUzI1NiIsInR5cCI6IkpXVCJ9.eyJpZCI6MjgsImlhdCI6MTc0NzM4Nzc0MCwiZXhwIjoxNzQ3OTkyNTQwfQ.eTnSjWVUsEEW8aG2LkmL8RlB9fYHPKiKYsvitE4t7bY
[16-05-2025 15:48:47] INFO: Token extracted: eyJhbGciOiJIUzI1NiIsInR5cCI6IkpXVCJ9.eyJpZCI6MjgsImlhdCI6MTc0NzM4Nzc0MCwiZXhwIjoxNzQ3OTkyNTQwfQ.eTnSjWVUsEEW8aG2LkmL8RlB9fYHPKiKYsvitE4t7bY
[16-05-2025 15:48:47] INFO: Decoded token: 28
[16-05-2025 15:48:47] INFO: loginUserId: 28
[16-05-2025 15:50:56] INFO: Authorization header: Bearer eyJhbGciOiJIUzI1NiIsInR5cCI6IkpXVCJ9.eyJpZCI6MjgsImlhdCI6MTc0NzM4Nzc0MCwiZXhwIjoxNzQ3OTkyNTQwfQ.eTnSjWVUsEEW8aG2LkmL8RlB9fYHPKiKYsvitE4t7bY
[16-05-2025 15:50:56] INFO: Token extracted: eyJhbGciOiJIUzI1NiIsInR5cCI6IkpXVCJ9.eyJpZCI6MjgsImlhdCI6MTc0NzM4Nzc0MCwiZXhwIjoxNzQ3OTkyNTQwfQ.eTnSjWVUsEEW8aG2LkmL8RlB9fYHPKiKYsvitE4t7bY
[16-05-2025 15:50:56] INFO: Decoded token: 28
[16-05-2025 15:50:56] INFO: loginUserId: 28
[16-05-2025 15:50:56] INFO: Authorization header: Bearer eyJhbGciOiJIUzI1NiIsInR5cCI6IkpXVCJ9.eyJpZCI6MjgsImlhdCI6MTc0NzM4Nzc0MCwiZXhwIjoxNzQ3OTkyNTQwfQ.eTnSjWVUsEEW8aG2LkmL8RlB9fYHPKiKYsvitE4t7bY
[16-05-2025 15:50:56] INFO: Token extracted: eyJhbGciOiJIUzI1NiIsInR5cCI6IkpXVCJ9.eyJpZCI6MjgsImlhdCI6MTc0NzM4Nzc0MCwiZXhwIjoxNzQ3OTkyNTQwfQ.eTnSjWVUsEEW8aG2LkmL8RlB9fYHPKiKYsvitE4t7bY
[16-05-2025 15:50:56] INFO: Decoded token: 28
[16-05-2025 15:50:56] INFO: loginUserId: 28
[16-05-2025 16:12:25] INFO: JWT_SECRET: 7424eeddacfddfcdb34c5307a9b166a47133b7b8cebf93cb42b7233316269e4eb11e87e76429e733a3e8c3d03757c2e8179516103a276ae45db724cd2d821486
[16-05-2025 16:12:25] INFO: interfaces: [object Object]
[16-05-2025 16:12:25] INFO: Local IP:", 192.168.1.25
[16-05-2025 16:12:25] INFO: ✅ MongoDB connected
[16-05-2025 16:12:25] INFO: 🚀  Server running at http://192.168.1.25:3005
[16-05-2025 16:12:26] INFO: JWT_SECRET: 7424eeddacfddfcdb34c5307a9b166a47133b7b8cebf93cb42b7233316269e4eb11e87e76429e733a3e8c3d03757c2e8179516103a276ae45db724cd2d821486
[16-05-2025 16:12:26] INFO: interfaces: [object Object]
[16-05-2025 16:12:26] INFO: Local IP:", 192.168.1.25
[16-05-2025 16:12:26] INFO: ✅ MongoDB connected
[16-05-2025 16:12:26] INFO: 🚀  Server running at http://192.168.1.25:3005
[16-05-2025 16:16:42] INFO: Authorization header: Bearer eyJhbGciOiJIUzI1NiIsInR5cCI6IkpXVCJ9.eyJpZCI6MjgsImlhdCI6MTc0NzM4Nzc0MCwiZXhwIjoxNzQ3OTkyNTQwfQ.eTnSjWVUsEEW8aG2LkmL8RlB9fYHPKiKYsvitE4t7bY
[16-05-2025 16:16:42] INFO: Token extracted: eyJhbGciOiJIUzI1NiIsInR5cCI6IkpXVCJ9.eyJpZCI6MjgsImlhdCI6MTc0NzM4Nzc0MCwiZXhwIjoxNzQ3OTkyNTQwfQ.eTnSjWVUsEEW8aG2LkmL8RlB9fYHPKiKYsvitE4t7bY
[16-05-2025 16:16:42] INFO: Decoded token: 28
[16-05-2025 16:16:42] INFO: loginUserId: 28
[16-05-2025 16:16:42] INFO: Authorization header: Bearer eyJhbGciOiJIUzI1NiIsInR5cCI6IkpXVCJ9.eyJpZCI6MjgsImlhdCI6MTc0NzM4Nzc0MCwiZXhwIjoxNzQ3OTkyNTQwfQ.eTnSjWVUsEEW8aG2LkmL8RlB9fYHPKiKYsvitE4t7bY
[16-05-2025 16:16:42] INFO: Token extracted: eyJhbGciOiJIUzI1NiIsInR5cCI6IkpXVCJ9.eyJpZCI6MjgsImlhdCI6MTc0NzM4Nzc0MCwiZXhwIjoxNzQ3OTkyNTQwfQ.eTnSjWVUsEEW8aG2LkmL8RlB9fYHPKiKYsvitE4t7bY
[16-05-2025 16:16:42] INFO: Decoded token: 28
[16-05-2025 16:16:42] INFO: loginUserId: 28
[16-05-2025 16:18:59] INFO: Authorization header: Bearer eyJhbGciOiJIUzI1NiIsInR5cCI6IkpXVCJ9.eyJpZCI6MjgsImlhdCI6MTc0NzM4Nzc0MCwiZXhwIjoxNzQ3OTkyNTQwfQ.eTnSjWVUsEEW8aG2LkmL8RlB9fYHPKiKYsvitE4t7bY
[16-05-2025 16:18:59] INFO: Token extracted: eyJhbGciOiJIUzI1NiIsInR5cCI6IkpXVCJ9.eyJpZCI6MjgsImlhdCI6MTc0NzM4Nzc0MCwiZXhwIjoxNzQ3OTkyNTQwfQ.eTnSjWVUsEEW8aG2LkmL8RlB9fYHPKiKYsvitE4t7bY
[16-05-2025 16:18:59] INFO: Decoded token: 28
[16-05-2025 16:18:59] INFO: loginUserId: 28
[16-05-2025 16:18:59] INFO: Authorization header: Bearer eyJhbGciOiJIUzI1NiIsInR5cCI6IkpXVCJ9.eyJpZCI6MjgsImlhdCI6MTc0NzM4Nzc0MCwiZXhwIjoxNzQ3OTkyNTQwfQ.eTnSjWVUsEEW8aG2LkmL8RlB9fYHPKiKYsvitE4t7bY
[16-05-2025 16:18:59] INFO: Token extracted: eyJhbGciOiJIUzI1NiIsInR5cCI6IkpXVCJ9.eyJpZCI6MjgsImlhdCI6MTc0NzM4Nzc0MCwiZXhwIjoxNzQ3OTkyNTQwfQ.eTnSjWVUsEEW8aG2LkmL8RlB9fYHPKiKYsvitE4t7bY
[16-05-2025 16:18:59] INFO: Decoded token: 28
[16-05-2025 16:18:59] INFO: loginUserId: 28
[16-05-2025 16:19:56] INFO: Authorization header: Bearer eyJhbGciOiJIUzI1NiIsInR5cCI6IkpXVCJ9.eyJpZCI6MjgsImlhdCI6MTc0NzM4Nzc0MCwiZXhwIjoxNzQ3OTkyNTQwfQ.eTnSjWVUsEEW8aG2LkmL8RlB9fYHPKiKYsvitE4t7bY
[16-05-2025 16:19:56] INFO: Token extracted: eyJhbGciOiJIUzI1NiIsInR5cCI6IkpXVCJ9.eyJpZCI6MjgsImlhdCI6MTc0NzM4Nzc0MCwiZXhwIjoxNzQ3OTkyNTQwfQ.eTnSjWVUsEEW8aG2LkmL8RlB9fYHPKiKYsvitE4t7bY
[16-05-2025 16:19:56] INFO: Decoded token: 28
[16-05-2025 16:20:09] INFO: Authorization header: Bearer eyJhbGciOiJIUzI1NiIsInR5cCI6IkpXVCJ9.eyJpZCI6MjgsImlhdCI6MTc0NzM4Nzc0MCwiZXhwIjoxNzQ3OTkyNTQwfQ.eTnSjWVUsEEW8aG2LkmL8RlB9fYHPKiKYsvitE4t7bY
[16-05-2025 16:20:09] INFO: Token extracted: eyJhbGciOiJIUzI1NiIsInR5cCI6IkpXVCJ9.eyJpZCI6MjgsImlhdCI6MTc0NzM4Nzc0MCwiZXhwIjoxNzQ3OTkyNTQwfQ.eTnSjWVUsEEW8aG2LkmL8RlB9fYHPKiKYsvitE4t7bY
[16-05-2025 16:20:09] INFO: Decoded token: 28
[16-05-2025 16:20:09] INFO: existingUser: null
[16-05-2025 16:20:09] INFO: loginUserId: 28
[16-05-2025 16:20:09] INFO: req.user: [object Object]
[16-05-2025 16:20:09] INFO: userData: [object Object]
[16-05-2025 16:20:09] INFO: Next sequence value: {
  _id: new ObjectId('681d8e065d8e620093fad80a'),
  id: 'userId',
  __v: 0,
  seq: 72
}
[16-05-2025 16:20:09] INFO: userCreated: {
  id: 72,
  name: 'kavita',
  email: 'kavita@mail.com',
  age: 27,
  loginUserId: 28,
  avatars: [
    'uploads\\1747392609788-603985033-image (1).png',
    'uploads\\1747392609792-486107591-istockphoto-1282071333-1024x1024.jpg'
  ],
  createdAt: 2025-05-16T10:50:09.814Z,
  updatedAt: 2025-05-16T10:50:09.814Z
}
[16-05-2025 16:20:09] INFO: newUser: {
  id: 72,
  name: 'kavita',
  email: 'kavita@mail.com',
  age: 27,
  loginUserId: 28,
  avatars: [
    'uploads\\1747392609788-603985033-image (1).png',
    'uploads\\1747392609792-486107591-istockphoto-1282071333-1024x1024.jpg'
  ],
  createdAt: 2025-05-16T10:50:09.814Z,
  updatedAt: 2025-05-16T10:50:09.814Z
}
[16-05-2025 16:20:16] INFO: Authorization header: Bearer eyJhbGciOiJIUzI1NiIsInR5cCI6IkpXVCJ9.eyJpZCI6MjgsImlhdCI6MTc0NzM4Nzc0MCwiZXhwIjoxNzQ3OTkyNTQwfQ.eTnSjWVUsEEW8aG2LkmL8RlB9fYHPKiKYsvitE4t7bY
[16-05-2025 16:20:16] INFO: Token extracted: eyJhbGciOiJIUzI1NiIsInR5cCI6IkpXVCJ9.eyJpZCI6MjgsImlhdCI6MTc0NzM4Nzc0MCwiZXhwIjoxNzQ3OTkyNTQwfQ.eTnSjWVUsEEW8aG2LkmL8RlB9fYHPKiKYsvitE4t7bY
[16-05-2025 16:20:16] INFO: Decoded token: 28
[16-05-2025 16:20:16] INFO: loginUserId: 28
[16-05-2025 16:20:16] INFO: Authorization header: Bearer eyJhbGciOiJIUzI1NiIsInR5cCI6IkpXVCJ9.eyJpZCI6MjgsImlhdCI6MTc0NzM4Nzc0MCwiZXhwIjoxNzQ3OTkyNTQwfQ.eTnSjWVUsEEW8aG2LkmL8RlB9fYHPKiKYsvitE4t7bY
[16-05-2025 16:20:16] INFO: Token extracted: eyJhbGciOiJIUzI1NiIsInR5cCI6IkpXVCJ9.eyJpZCI6MjgsImlhdCI6MTc0NzM4Nzc0MCwiZXhwIjoxNzQ3OTkyNTQwfQ.eTnSjWVUsEEW8aG2LkmL8RlB9fYHPKiKYsvitE4t7bY
[16-05-2025 16:20:16] INFO: Decoded token: 28
[16-05-2025 16:20:16] INFO: loginUserId: 28
[16-05-2025 16:22:05] INFO: JWT_SECRET: 7424eeddacfddfcdb34c5307a9b166a47133b7b8cebf93cb42b7233316269e4eb11e87e76429e733a3e8c3d03757c2e8179516103a276ae45db724cd2d821486
[16-05-2025 16:22:05] INFO: interfaces: [object Object]
[16-05-2025 16:22:05] INFO: Local IP:", 192.168.1.25
[16-05-2025 16:22:05] INFO: ✅ MongoDB connected
[16-05-2025 16:22:05] INFO: 🚀  Server running at http://192.168.1.25:3005
[16-05-2025 16:22:08] INFO: Authorization header: Bearer eyJhbGciOiJIUzI1NiIsInR5cCI6IkpXVCJ9.eyJpZCI6MjgsImlhdCI6MTc0NzM4Nzc0MCwiZXhwIjoxNzQ3OTkyNTQwfQ.eTnSjWVUsEEW8aG2LkmL8RlB9fYHPKiKYsvitE4t7bY
[16-05-2025 16:22:08] INFO: Token extracted: eyJhbGciOiJIUzI1NiIsInR5cCI6IkpXVCJ9.eyJpZCI6MjgsImlhdCI6MTc0NzM4Nzc0MCwiZXhwIjoxNzQ3OTkyNTQwfQ.eTnSjWVUsEEW8aG2LkmL8RlB9fYHPKiKYsvitE4t7bY
[16-05-2025 16:22:08] INFO: Decoded token: 28
[16-05-2025 16:22:08] INFO: query: [object Object]
[16-05-2025 16:22:08] INFO: excludeId: 72
[16-05-2025 16:22:08] INFO: exists:  false
[16-05-2025 16:23:10] INFO: JWT_SECRET: 7424eeddacfddfcdb34c5307a9b166a47133b7b8cebf93cb42b7233316269e4eb11e87e76429e733a3e8c3d03757c2e8179516103a276ae45db724cd2d821486
[16-05-2025 16:23:10] INFO: interfaces: [object Object]
[16-05-2025 16:23:10] INFO: Local IP:", 192.168.1.25
[16-05-2025 16:23:10] INFO: ✅ MongoDB connected
[16-05-2025 16:23:10] INFO: 🚀  Server running at http://192.168.1.25:3005
[16-05-2025 16:23:11] INFO: JWT_SECRET: 7424eeddacfddfcdb34c5307a9b166a47133b7b8cebf93cb42b7233316269e4eb11e87e76429e733a3e8c3d03757c2e8179516103a276ae45db724cd2d821486
[16-05-2025 16:23:11] INFO: interfaces: [object Object]
[16-05-2025 16:23:11] INFO: Local IP:", 192.168.1.25
[16-05-2025 16:23:11] INFO: ✅ MongoDB connected
[16-05-2025 16:23:11] INFO: 🚀  Server running at http://192.168.1.25:3005
[16-05-2025 16:23:21] INFO: Authorization header: Bearer eyJhbGciOiJIUzI1NiIsInR5cCI6IkpXVCJ9.eyJpZCI6MjgsImlhdCI6MTc0NzM4Nzc0MCwiZXhwIjoxNzQ3OTkyNTQwfQ.eTnSjWVUsEEW8aG2LkmL8RlB9fYHPKiKYsvitE4t7bY
[16-05-2025 16:23:21] INFO: Token extracted: eyJhbGciOiJIUzI1NiIsInR5cCI6IkpXVCJ9.eyJpZCI6MjgsImlhdCI6MTc0NzM4Nzc0MCwiZXhwIjoxNzQ3OTkyNTQwfQ.eTnSjWVUsEEW8aG2LkmL8RlB9fYHPKiKYsvitE4t7bY
[16-05-2025 16:23:21] INFO: Decoded token: 28
[16-05-2025 16:23:21] INFO: loginUserId: 28
[16-05-2025 16:23:21] INFO: Authorization header: Bearer eyJhbGciOiJIUzI1NiIsInR5cCI6IkpXVCJ9.eyJpZCI6MjgsImlhdCI6MTc0NzM4Nzc0MCwiZXhwIjoxNzQ3OTkyNTQwfQ.eTnSjWVUsEEW8aG2LkmL8RlB9fYHPKiKYsvitE4t7bY
[16-05-2025 16:23:21] INFO: Token extracted: eyJhbGciOiJIUzI1NiIsInR5cCI6IkpXVCJ9.eyJpZCI6MjgsImlhdCI6MTc0NzM4Nzc0MCwiZXhwIjoxNzQ3OTkyNTQwfQ.eTnSjWVUsEEW8aG2LkmL8RlB9fYHPKiKYsvitE4t7bY
[16-05-2025 16:23:21] INFO: Decoded token: 28
[16-05-2025 16:23:21] INFO: loginUserId: 28
[16-05-2025 16:23:49] INFO: Authorization header: Bearer eyJhbGciOiJIUzI1NiIsInR5cCI6IkpXVCJ9.eyJpZCI6MjgsImlhdCI6MTc0NzM4Nzc0MCwiZXhwIjoxNzQ3OTkyNTQwfQ.eTnSjWVUsEEW8aG2LkmL8RlB9fYHPKiKYsvitE4t7bY
[16-05-2025 16:23:49] INFO: Token extracted: eyJhbGciOiJIUzI1NiIsInR5cCI6IkpXVCJ9.eyJpZCI6MjgsImlhdCI6MTc0NzM4Nzc0MCwiZXhwIjoxNzQ3OTkyNTQwfQ.eTnSjWVUsEEW8aG2LkmL8RlB9fYHPKiKYsvitE4t7bY
[16-05-2025 16:23:49] INFO: Decoded token: 28
[16-05-2025 16:23:49] INFO: existingUser: null
[16-05-2025 16:23:49] INFO: loginUserId: 28
[16-05-2025 16:23:49] INFO: req.user: [object Object]
[16-05-2025 16:23:49] INFO: userData: [object Object]
[16-05-2025 16:23:49] INFO: Next sequence value: {
  _id: new ObjectId('681d8e065d8e620093fad80a'),
  id: 'userId',
  __v: 0,
  seq: 73
}
[16-05-2025 16:23:49] INFO: userCreated: {
  id: 73,
  name: 'sara',
  email: 'sara@gmail.com',
  age: 22,
  loginUserId: 28,
  avatars: [
    'uploads\\download-compresskaru.com.png',
    'uploads\\germany-berlin-mall-of-berlin-mall-thumbnail.jpg',
    'uploads\\photo-1522684462852-01b24e76b77d.jpg',
    'uploads\\pngtree-the-crowd-was-in-the-atrium-of-the-shopping-mall-image_996474.jpg',
    'uploads\\shopping-mall-906721_640.jpg'
  ],
  createdAt: 2025-05-16T10:53:49.274Z,
  updatedAt: 2025-05-16T10:53:49.274Z
}
[16-05-2025 16:23:49] INFO: newUser: {
  id: 73,
  name: 'sara',
  email: 'sara@gmail.com',
  age: 22,
  loginUserId: 28,
  avatars: [
    'uploads\\download-compresskaru.com.png',
    'uploads\\germany-berlin-mall-of-berlin-mall-thumbnail.jpg',
    'uploads\\photo-1522684462852-01b24e76b77d.jpg',
    'uploads\\pngtree-the-crowd-was-in-the-atrium-of-the-shopping-mall-image_996474.jpg',
    'uploads\\shopping-mall-906721_640.jpg'
  ],
  createdAt: 2025-05-16T10:53:49.274Z,
  updatedAt: 2025-05-16T10:53:49.274Z
}
[16-05-2025 16:24:10] INFO: Authorization header: Bearer eyJhbGciOiJIUzI1NiIsInR5cCI6IkpXVCJ9.eyJpZCI6MjgsImlhdCI6MTc0NzM4Nzc0MCwiZXhwIjoxNzQ3OTkyNTQwfQ.eTnSjWVUsEEW8aG2LkmL8RlB9fYHPKiKYsvitE4t7bY
[16-05-2025 16:24:10] INFO: Token extracted: eyJhbGciOiJIUzI1NiIsInR5cCI6IkpXVCJ9.eyJpZCI6MjgsImlhdCI6MTc0NzM4Nzc0MCwiZXhwIjoxNzQ3OTkyNTQwfQ.eTnSjWVUsEEW8aG2LkmL8RlB9fYHPKiKYsvitE4t7bY
[16-05-2025 16:24:10] INFO: Decoded token: 28
[16-05-2025 16:24:10] INFO: query: [object Object]
[16-05-2025 16:24:10] INFO: excludeId: 73
[16-05-2025 16:24:10] INFO: exists:  false
[16-05-2025 16:24:16] INFO: Authorization header: Bearer eyJhbGciOiJIUzI1NiIsInR5cCI6IkpXVCJ9.eyJpZCI6MjgsImlhdCI6MTc0NzM4Nzc0MCwiZXhwIjoxNzQ3OTkyNTQwfQ.eTnSjWVUsEEW8aG2LkmL8RlB9fYHPKiKYsvitE4t7bY
[16-05-2025 16:24:16] INFO: Token extracted: eyJhbGciOiJIUzI1NiIsInR5cCI6IkpXVCJ9.eyJpZCI6MjgsImlhdCI6MTc0NzM4Nzc0MCwiZXhwIjoxNzQ3OTkyNTQwfQ.eTnSjWVUsEEW8aG2LkmL8RlB9fYHPKiKYsvitE4t7bY
[16-05-2025 16:24:16] INFO: Decoded token: 28
[16-05-2025 16:24:16] INFO: loginUserId: 28
[16-05-2025 16:24:16] INFO: Authorization header: Bearer eyJhbGciOiJIUzI1NiIsInR5cCI6IkpXVCJ9.eyJpZCI6MjgsImlhdCI6MTc0NzM4Nzc0MCwiZXhwIjoxNzQ3OTkyNTQwfQ.eTnSjWVUsEEW8aG2LkmL8RlB9fYHPKiKYsvitE4t7bY
[16-05-2025 16:24:16] INFO: Token extracted: eyJhbGciOiJIUzI1NiIsInR5cCI6IkpXVCJ9.eyJpZCI6MjgsImlhdCI6MTc0NzM4Nzc0MCwiZXhwIjoxNzQ3OTkyNTQwfQ.eTnSjWVUsEEW8aG2LkmL8RlB9fYHPKiKYsvitE4t7bY
[16-05-2025 16:24:16] INFO: Decoded token: 28
[16-05-2025 16:24:16] INFO: loginUserId: 28
[16-05-2025 16:24:55] INFO: Authorization header: Bearer eyJhbGciOiJIUzI1NiIsInR5cCI6IkpXVCJ9.eyJpZCI6MjgsImlhdCI6MTc0NzM4Nzc0MCwiZXhwIjoxNzQ3OTkyNTQwfQ.eTnSjWVUsEEW8aG2LkmL8RlB9fYHPKiKYsvitE4t7bY
[16-05-2025 16:24:55] INFO: Token extracted: eyJhbGciOiJIUzI1NiIsInR5cCI6IkpXVCJ9.eyJpZCI6MjgsImlhdCI6MTc0NzM4Nzc0MCwiZXhwIjoxNzQ3OTkyNTQwfQ.eTnSjWVUsEEW8aG2LkmL8RlB9fYHPKiKYsvitE4t7bY
[16-05-2025 16:24:55] INFO: Decoded token: 28
[16-05-2025 16:25:33] INFO: JWT_SECRET: 7424eeddacfddfcdb34c5307a9b166a47133b7b8cebf93cb42b7233316269e4eb11e87e76429e733a3e8c3d03757c2e8179516103a276ae45db724cd2d821486
[16-05-2025 16:25:33] INFO: interfaces: [object Object]
[16-05-2025 16:25:33] INFO: Local IP:", 192.168.1.25
[16-05-2025 16:25:33] INFO: ✅ MongoDB connected
[16-05-2025 16:25:33] INFO: 🚀  Server running at http://192.168.1.25:3005
[16-05-2025 16:25:35] INFO: JWT_SECRET: 7424eeddacfddfcdb34c5307a9b166a47133b7b8cebf93cb42b7233316269e4eb11e87e76429e733a3e8c3d03757c2e8179516103a276ae45db724cd2d821486
[16-05-2025 16:25:35] INFO: interfaces: [object Object]
[16-05-2025 16:25:35] INFO: Local IP:", 192.168.1.25
[16-05-2025 16:25:35] INFO: ✅ MongoDB connected
[16-05-2025 16:25:35] INFO: 🚀  Server running at http://192.168.1.25:3005
[16-05-2025 16:25:38] INFO: Authorization header: Bearer eyJhbGciOiJIUzI1NiIsInR5cCI6IkpXVCJ9.eyJpZCI6MjgsImlhdCI6MTc0NzM4Nzc0MCwiZXhwIjoxNzQ3OTkyNTQwfQ.eTnSjWVUsEEW8aG2LkmL8RlB9fYHPKiKYsvitE4t7bY
[16-05-2025 16:25:38] INFO: Token extracted: eyJhbGciOiJIUzI1NiIsInR5cCI6IkpXVCJ9.eyJpZCI6MjgsImlhdCI6MTc0NzM4Nzc0MCwiZXhwIjoxNzQ3OTkyNTQwfQ.eTnSjWVUsEEW8aG2LkmL8RlB9fYHPKiKYsvitE4t7bY
[16-05-2025 16:25:38] INFO: Decoded token: 28
[16-05-2025 16:28:06] INFO: JWT_SECRET: 7424eeddacfddfcdb34c5307a9b166a47133b7b8cebf93cb42b7233316269e4eb11e87e76429e733a3e8c3d03757c2e8179516103a276ae45db724cd2d821486
[16-05-2025 16:28:06] INFO: interfaces: [object Object]
[16-05-2025 16:28:06] INFO: Local IP:", 192.168.1.25
[16-05-2025 16:28:06] INFO: ✅ MongoDB connected
[16-05-2025 16:28:06] INFO: 🚀  Server running at http://192.168.1.25:3005
[16-05-2025 16:28:10] INFO: Authorization header: Bearer eyJhbGciOiJIUzI1NiIsInR5cCI6IkpXVCJ9.eyJpZCI6MjgsImlhdCI6MTc0NzM4Nzc0MCwiZXhwIjoxNzQ3OTkyNTQwfQ.eTnSjWVUsEEW8aG2LkmL8RlB9fYHPKiKYsvitE4t7bY
[16-05-2025 16:28:10] INFO: Token extracted: eyJhbGciOiJIUzI1NiIsInR5cCI6IkpXVCJ9.eyJpZCI6MjgsImlhdCI6MTc0NzM4Nzc0MCwiZXhwIjoxNzQ3OTkyNTQwfQ.eTnSjWVUsEEW8aG2LkmL8RlB9fYHPKiKYsvitE4t7bY
[16-05-2025 16:28:10] INFO: Decoded token: 28
[16-05-2025 16:28:17] INFO: JWT_SECRET: 7424eeddacfddfcdb34c5307a9b166a47133b7b8cebf93cb42b7233316269e4eb11e87e76429e733a3e8c3d03757c2e8179516103a276ae45db724cd2d821486
[16-05-2025 16:28:17] INFO: interfaces: [object Object]
[16-05-2025 16:28:17] INFO: Local IP:", 192.168.1.25
[16-05-2025 16:28:17] INFO: ✅ MongoDB connected
[16-05-2025 16:28:17] INFO: 🚀  Server running at http://192.168.1.25:3005
[16-05-2025 16:28:46] INFO: JWT_SECRET: 7424eeddacfddfcdb34c5307a9b166a47133b7b8cebf93cb42b7233316269e4eb11e87e76429e733a3e8c3d03757c2e8179516103a276ae45db724cd2d821486
[16-05-2025 16:28:46] INFO: interfaces: [object Object]
[16-05-2025 16:28:46] INFO: Local IP:", 192.168.1.25
[16-05-2025 16:28:46] INFO: ✅ MongoDB connected
[16-05-2025 16:28:46] INFO: 🚀  Server running at http://192.168.1.25:3005
[16-05-2025 16:28:49] INFO: JWT_SECRET: 7424eeddacfddfcdb34c5307a9b166a47133b7b8cebf93cb42b7233316269e4eb11e87e76429e733a3e8c3d03757c2e8179516103a276ae45db724cd2d821486
[16-05-2025 16:28:49] INFO: interfaces: [object Object]
[16-05-2025 16:28:49] INFO: Local IP:", 192.168.1.25
[16-05-2025 16:28:49] INFO: ✅ MongoDB connected
[16-05-2025 16:28:49] INFO: 🚀  Server running at http://192.168.1.25:3005
[16-05-2025 16:29:46] INFO: JWT_SECRET: 7424eeddacfddfcdb34c5307a9b166a47133b7b8cebf93cb42b7233316269e4eb11e87e76429e733a3e8c3d03757c2e8179516103a276ae45db724cd2d821486
[16-05-2025 16:29:46] INFO: interfaces: [object Object]
[16-05-2025 16:29:46] INFO: Local IP:", 192.168.1.25
[16-05-2025 16:29:46] INFO: ✅ MongoDB connected
[16-05-2025 16:29:46] INFO: 🚀  Server running at http://192.168.1.25:3005
[16-05-2025 16:29:47] INFO: JWT_SECRET: 7424eeddacfddfcdb34c5307a9b166a47133b7b8cebf93cb42b7233316269e4eb11e87e76429e733a3e8c3d03757c2e8179516103a276ae45db724cd2d821486
[16-05-2025 16:29:47] INFO: interfaces: [object Object]
[16-05-2025 16:29:47] INFO: Local IP:", 192.168.1.25
[16-05-2025 16:29:47] INFO: ✅ MongoDB connected
[16-05-2025 16:29:47] INFO: 🚀  Server running at http://192.168.1.25:3005
[16-05-2025 16:31:56] INFO: JWT_SECRET: 7424eeddacfddfcdb34c5307a9b166a47133b7b8cebf93cb42b7233316269e4eb11e87e76429e733a3e8c3d03757c2e8179516103a276ae45db724cd2d821486
[16-05-2025 16:31:56] INFO: interfaces: [object Object]
[16-05-2025 16:31:56] INFO: Local IP:", 192.168.1.25
[16-05-2025 16:31:56] INFO: ✅ MongoDB connected
[16-05-2025 16:31:56] INFO: 🚀  Server running at http://192.168.1.25:3005
[16-05-2025 16:32:09] INFO: JWT_SECRET: 7424eeddacfddfcdb34c5307a9b166a47133b7b8cebf93cb42b7233316269e4eb11e87e76429e733a3e8c3d03757c2e8179516103a276ae45db724cd2d821486
[16-05-2025 16:32:09] INFO: interfaces: [object Object]
[16-05-2025 16:32:09] INFO: Local IP:", 192.168.1.25
[16-05-2025 16:32:09] INFO: ✅ MongoDB connected
[16-05-2025 16:32:09] INFO: 🚀  Server running at http://192.168.1.25:3005
[16-05-2025 16:32:14] INFO: Authorization header: Bearer eyJhbGciOiJIUzI1NiIsInR5cCI6IkpXVCJ9.eyJpZCI6MjgsImlhdCI6MTc0NzM4Nzc0MCwiZXhwIjoxNzQ3OTkyNTQwfQ.eTnSjWVUsEEW8aG2LkmL8RlB9fYHPKiKYsvitE4t7bY
[16-05-2025 16:32:14] INFO: Token extracted: eyJhbGciOiJIUzI1NiIsInR5cCI6IkpXVCJ9.eyJpZCI6MjgsImlhdCI6MTc0NzM4Nzc0MCwiZXhwIjoxNzQ3OTkyNTQwfQ.eTnSjWVUsEEW8aG2LkmL8RlB9fYHPKiKYsvitE4t7bY
[16-05-2025 16:32:14] INFO: Decoded token: 28
[16-05-2025 16:32:14] INFO: loginUserId: 28
[16-05-2025 16:32:14] INFO: Authorization header: Bearer eyJhbGciOiJIUzI1NiIsInR5cCI6IkpXVCJ9.eyJpZCI6MjgsImlhdCI6MTc0NzM4Nzc0MCwiZXhwIjoxNzQ3OTkyNTQwfQ.eTnSjWVUsEEW8aG2LkmL8RlB9fYHPKiKYsvitE4t7bY
[16-05-2025 16:32:14] INFO: Token extracted: eyJhbGciOiJIUzI1NiIsInR5cCI6IkpXVCJ9.eyJpZCI6MjgsImlhdCI6MTc0NzM4Nzc0MCwiZXhwIjoxNzQ3OTkyNTQwfQ.eTnSjWVUsEEW8aG2LkmL8RlB9fYHPKiKYsvitE4t7bY
[16-05-2025 16:32:14] INFO: Decoded token: 28
[16-05-2025 16:32:14] INFO: loginUserId: 28
[16-05-2025 16:32:27] INFO: Authorization header: Bearer eyJhbGciOiJIUzI1NiIsInR5cCI6IkpXVCJ9.eyJpZCI6MjgsImlhdCI6MTc0NzM4Nzc0MCwiZXhwIjoxNzQ3OTkyNTQwfQ.eTnSjWVUsEEW8aG2LkmL8RlB9fYHPKiKYsvitE4t7bY
[16-05-2025 16:32:27] INFO: Token extracted: eyJhbGciOiJIUzI1NiIsInR5cCI6IkpXVCJ9.eyJpZCI6MjgsImlhdCI6MTc0NzM4Nzc0MCwiZXhwIjoxNzQ3OTkyNTQwfQ.eTnSjWVUsEEW8aG2LkmL8RlB9fYHPKiKYsvitE4t7bY
[16-05-2025 16:32:27] INFO: Decoded token: 28
[16-05-2025 16:33:30] INFO: Authorization header: Bearer eyJhbGciOiJIUzI1NiIsInR5cCI6IkpXVCJ9.eyJpZCI6MjgsImlhdCI6MTc0NzM4Nzc0MCwiZXhwIjoxNzQ3OTkyNTQwfQ.eTnSjWVUsEEW8aG2LkmL8RlB9fYHPKiKYsvitE4t7bY
[16-05-2025 16:33:30] INFO: Token extracted: eyJhbGciOiJIUzI1NiIsInR5cCI6IkpXVCJ9.eyJpZCI6MjgsImlhdCI6MTc0NzM4Nzc0MCwiZXhwIjoxNzQ3OTkyNTQwfQ.eTnSjWVUsEEW8aG2LkmL8RlB9fYHPKiKYsvitE4t7bY
[16-05-2025 16:33:30] INFO: Decoded token: 28
[16-05-2025 16:33:30] INFO: loginUserId: 28
[16-05-2025 16:33:36] INFO: Authorization header: Bearer eyJhbGciOiJIUzI1NiIsInR5cCI6IkpXVCJ9.eyJpZCI6MjgsImlhdCI6MTc0NzM4Nzc0MCwiZXhwIjoxNzQ3OTkyNTQwfQ.eTnSjWVUsEEW8aG2LkmL8RlB9fYHPKiKYsvitE4t7bY
[16-05-2025 16:33:36] INFO: Token extracted: eyJhbGciOiJIUzI1NiIsInR5cCI6IkpXVCJ9.eyJpZCI6MjgsImlhdCI6MTc0NzM4Nzc0MCwiZXhwIjoxNzQ3OTkyNTQwfQ.eTnSjWVUsEEW8aG2LkmL8RlB9fYHPKiKYsvitE4t7bY
[16-05-2025 16:33:36] INFO: Decoded token: 28
[16-05-2025 16:33:45] INFO: Authorization header: Bearer eyJhbGciOiJIUzI1NiIsInR5cCI6IkpXVCJ9.eyJpZCI6MjgsImlhdCI6MTc0NzM4Nzc0MCwiZXhwIjoxNzQ3OTkyNTQwfQ.eTnSjWVUsEEW8aG2LkmL8RlB9fYHPKiKYsvitE4t7bY
[16-05-2025 16:33:45] INFO: Token extracted: eyJhbGciOiJIUzI1NiIsInR5cCI6IkpXVCJ9.eyJpZCI6MjgsImlhdCI6MTc0NzM4Nzc0MCwiZXhwIjoxNzQ3OTkyNTQwfQ.eTnSjWVUsEEW8aG2LkmL8RlB9fYHPKiKYsvitE4t7bY
[16-05-2025 16:33:45] INFO: Decoded token: 28
[16-05-2025 16:33:49] INFO: Authorization header: Bearer eyJhbGciOiJIUzI1NiIsInR5cCI6IkpXVCJ9.eyJpZCI6MjgsImlhdCI6MTc0NzM4Nzc0MCwiZXhwIjoxNzQ3OTkyNTQwfQ.eTnSjWVUsEEW8aG2LkmL8RlB9fYHPKiKYsvitE4t7bY
[16-05-2025 16:33:49] INFO: Token extracted: eyJhbGciOiJIUzI1NiIsInR5cCI6IkpXVCJ9.eyJpZCI6MjgsImlhdCI6MTc0NzM4Nzc0MCwiZXhwIjoxNzQ3OTkyNTQwfQ.eTnSjWVUsEEW8aG2LkmL8RlB9fYHPKiKYsvitE4t7bY
[16-05-2025 16:33:49] INFO: Decoded token: 28
[16-05-2025 16:33:49] INFO: loginUserId: 28
[16-05-2025 16:33:49] INFO: Authorization header: Bearer eyJhbGciOiJIUzI1NiIsInR5cCI6IkpXVCJ9.eyJpZCI6MjgsImlhdCI6MTc0NzM4Nzc0MCwiZXhwIjoxNzQ3OTkyNTQwfQ.eTnSjWVUsEEW8aG2LkmL8RlB9fYHPKiKYsvitE4t7bY
[16-05-2025 16:33:49] INFO: Token extracted: eyJhbGciOiJIUzI1NiIsInR5cCI6IkpXVCJ9.eyJpZCI6MjgsImlhdCI6MTc0NzM4Nzc0MCwiZXhwIjoxNzQ3OTkyNTQwfQ.eTnSjWVUsEEW8aG2LkmL8RlB9fYHPKiKYsvitE4t7bY
[16-05-2025 16:33:49] INFO: Decoded token: 28
[16-05-2025 16:33:49] INFO: loginUserId: 28
[16-05-2025 16:33:58] INFO: Authorization header: Bearer eyJhbGciOiJIUzI1NiIsInR5cCI6IkpXVCJ9.eyJpZCI6MjgsImlhdCI6MTc0NzM4Nzc0MCwiZXhwIjoxNzQ3OTkyNTQwfQ.eTnSjWVUsEEW8aG2LkmL8RlB9fYHPKiKYsvitE4t7bY
[16-05-2025 16:33:58] INFO: Token extracted: eyJhbGciOiJIUzI1NiIsInR5cCI6IkpXVCJ9.eyJpZCI6MjgsImlhdCI6MTc0NzM4Nzc0MCwiZXhwIjoxNzQ3OTkyNTQwfQ.eTnSjWVUsEEW8aG2LkmL8RlB9fYHPKiKYsvitE4t7bY
[16-05-2025 16:33:58] INFO: Decoded token: 28
[16-05-2025 16:34:06] INFO: Authorization header: Bearer eyJhbGciOiJIUzI1NiIsInR5cCI6IkpXVCJ9.eyJpZCI6MjgsImlhdCI6MTc0NzM4Nzc0MCwiZXhwIjoxNzQ3OTkyNTQwfQ.eTnSjWVUsEEW8aG2LkmL8RlB9fYHPKiKYsvitE4t7bY
[16-05-2025 16:34:06] INFO: Token extracted: eyJhbGciOiJIUzI1NiIsInR5cCI6IkpXVCJ9.eyJpZCI6MjgsImlhdCI6MTc0NzM4Nzc0MCwiZXhwIjoxNzQ3OTkyNTQwfQ.eTnSjWVUsEEW8aG2LkmL8RlB9fYHPKiKYsvitE4t7bY
[16-05-2025 16:34:06] INFO: Decoded token: 28
[16-05-2025 16:34:42] INFO: JWT_SECRET: 7424eeddacfddfcdb34c5307a9b166a47133b7b8cebf93cb42b7233316269e4eb11e87e76429e733a3e8c3d03757c2e8179516103a276ae45db724cd2d821486
[16-05-2025 16:34:42] INFO: interfaces: [object Object]
[16-05-2025 16:34:42] INFO: Local IP:", 192.168.1.25
[16-05-2025 16:34:42] INFO: ✅ MongoDB connected
[16-05-2025 16:34:42] INFO: 🚀  Server running at http://192.168.1.25:3005
[16-05-2025 16:35:01] INFO: JWT_SECRET: 7424eeddacfddfcdb34c5307a9b166a47133b7b8cebf93cb42b7233316269e4eb11e87e76429e733a3e8c3d03757c2e8179516103a276ae45db724cd2d821486
[16-05-2025 16:35:01] INFO: interfaces: [object Object]
[16-05-2025 16:35:01] INFO: Local IP:", 192.168.1.25
[16-05-2025 16:35:01] INFO: ✅ MongoDB connected
[16-05-2025 16:35:01] INFO: 🚀  Server running at http://192.168.1.25:3005
[16-05-2025 16:35:09] INFO: Authorization header: Bearer eyJhbGciOiJIUzI1NiIsInR5cCI6IkpXVCJ9.eyJpZCI6MjgsImlhdCI6MTc0NzM4Nzc0MCwiZXhwIjoxNzQ3OTkyNTQwfQ.eTnSjWVUsEEW8aG2LkmL8RlB9fYHPKiKYsvitE4t7bY
[16-05-2025 16:35:09] INFO: Token extracted: eyJhbGciOiJIUzI1NiIsInR5cCI6IkpXVCJ9.eyJpZCI6MjgsImlhdCI6MTc0NzM4Nzc0MCwiZXhwIjoxNzQ3OTkyNTQwfQ.eTnSjWVUsEEW8aG2LkmL8RlB9fYHPKiKYsvitE4t7bY
[16-05-2025 16:35:09] INFO: Decoded token: 28
[16-05-2025 16:35:09] INFO: loginUserId: 28
[16-05-2025 16:35:09] INFO: Authorization header: Bearer eyJhbGciOiJIUzI1NiIsInR5cCI6IkpXVCJ9.eyJpZCI6MjgsImlhdCI6MTc0NzM4Nzc0MCwiZXhwIjoxNzQ3OTkyNTQwfQ.eTnSjWVUsEEW8aG2LkmL8RlB9fYHPKiKYsvitE4t7bY
[16-05-2025 16:35:09] INFO: Token extracted: eyJhbGciOiJIUzI1NiIsInR5cCI6IkpXVCJ9.eyJpZCI6MjgsImlhdCI6MTc0NzM4Nzc0MCwiZXhwIjoxNzQ3OTkyNTQwfQ.eTnSjWVUsEEW8aG2LkmL8RlB9fYHPKiKYsvitE4t7bY
[16-05-2025 16:35:09] INFO: Decoded token: 28
[16-05-2025 16:35:09] INFO: loginUserId: 28
[16-05-2025 16:35:14] INFO: Authorization header: Bearer eyJhbGciOiJIUzI1NiIsInR5cCI6IkpXVCJ9.eyJpZCI6MjgsImlhdCI6MTc0NzM4Nzc0MCwiZXhwIjoxNzQ3OTkyNTQwfQ.eTnSjWVUsEEW8aG2LkmL8RlB9fYHPKiKYsvitE4t7bY
[16-05-2025 16:35:14] INFO: Token extracted: eyJhbGciOiJIUzI1NiIsInR5cCI6IkpXVCJ9.eyJpZCI6MjgsImlhdCI6MTc0NzM4Nzc0MCwiZXhwIjoxNzQ3OTkyNTQwfQ.eTnSjWVUsEEW8aG2LkmL8RlB9fYHPKiKYsvitE4t7bY
[16-05-2025 16:35:14] INFO: Decoded token: 28
[16-05-2025 16:35:14] INFO: query: [object Object]
[16-05-2025 16:35:14] INFO: excludeId: 72
[16-05-2025 16:35:14] INFO: exists:  false
[16-05-2025 16:36:13] INFO: JWT_SECRET: 7424eeddacfddfcdb34c5307a9b166a47133b7b8cebf93cb42b7233316269e4eb11e87e76429e733a3e8c3d03757c2e8179516103a276ae45db724cd2d821486
[16-05-2025 16:36:13] INFO: interfaces: [object Object]
[16-05-2025 16:36:13] INFO: Local IP:", 192.168.1.25
[16-05-2025 16:36:13] INFO: ✅ MongoDB connected
[16-05-2025 16:36:13] INFO: 🚀  Server running at http://192.168.1.25:3005
[16-05-2025 16:36:15] INFO: JWT_SECRET: 7424eeddacfddfcdb34c5307a9b166a47133b7b8cebf93cb42b7233316269e4eb11e87e76429e733a3e8c3d03757c2e8179516103a276ae45db724cd2d821486
[16-05-2025 16:36:15] INFO: interfaces: [object Object]
[16-05-2025 16:36:15] INFO: Local IP:", 192.168.1.25
[16-05-2025 16:36:15] INFO: ✅ MongoDB connected
[16-05-2025 16:36:15] INFO: 🚀  Server running at http://192.168.1.25:3005
[16-05-2025 16:36:23] INFO: JWT_SECRET: 7424eeddacfddfcdb34c5307a9b166a47133b7b8cebf93cb42b7233316269e4eb11e87e76429e733a3e8c3d03757c2e8179516103a276ae45db724cd2d821486
[16-05-2025 16:36:23] INFO: interfaces: [object Object]
[16-05-2025 16:36:23] INFO: Local IP:", 192.168.1.25
[16-05-2025 16:36:23] INFO: ✅ MongoDB connected
[16-05-2025 16:36:23] INFO: 🚀  Server running at http://192.168.1.25:3005
[16-05-2025 16:36:30] INFO: Authorization header: Bearer eyJhbGciOiJIUzI1NiIsInR5cCI6IkpXVCJ9.eyJpZCI6MjgsImlhdCI6MTc0NzM4Nzc0MCwiZXhwIjoxNzQ3OTkyNTQwfQ.eTnSjWVUsEEW8aG2LkmL8RlB9fYHPKiKYsvitE4t7bY
[16-05-2025 16:36:30] INFO: Token extracted: eyJhbGciOiJIUzI1NiIsInR5cCI6IkpXVCJ9.eyJpZCI6MjgsImlhdCI6MTc0NzM4Nzc0MCwiZXhwIjoxNzQ3OTkyNTQwfQ.eTnSjWVUsEEW8aG2LkmL8RlB9fYHPKiKYsvitE4t7bY
[16-05-2025 16:36:30] INFO: Decoded token: 28
[16-05-2025 16:36:30] INFO: query: [object Object]
[16-05-2025 16:36:30] INFO: excludeId: 72
[16-05-2025 16:36:30] INFO: exists:  false
[16-05-2025 16:36:39] INFO: Authorization header: Bearer eyJhbGciOiJIUzI1NiIsInR5cCI6IkpXVCJ9.eyJpZCI6MjgsImlhdCI6MTc0NzM4Nzc0MCwiZXhwIjoxNzQ3OTkyNTQwfQ.eTnSjWVUsEEW8aG2LkmL8RlB9fYHPKiKYsvitE4t7bY
[16-05-2025 16:36:39] INFO: Token extracted: eyJhbGciOiJIUzI1NiIsInR5cCI6IkpXVCJ9.eyJpZCI6MjgsImlhdCI6MTc0NzM4Nzc0MCwiZXhwIjoxNzQ3OTkyNTQwfQ.eTnSjWVUsEEW8aG2LkmL8RlB9fYHPKiKYsvitE4t7bY
[16-05-2025 16:36:39] INFO: Decoded token: 28
[16-05-2025 16:36:39] INFO: query: [object Object]
[16-05-2025 16:36:39] INFO: excludeId: 72
[16-05-2025 16:36:39] INFO: exists:  false
[16-05-2025 16:39:01] INFO: JWT_SECRET: 7424eeddacfddfcdb34c5307a9b166a47133b7b8cebf93cb42b7233316269e4eb11e87e76429e733a3e8c3d03757c2e8179516103a276ae45db724cd2d821486
[16-05-2025 16:39:01] INFO: interfaces: [object Object]
[16-05-2025 16:39:01] INFO: Local IP:", 192.168.1.25
[16-05-2025 16:39:01] INFO: ✅ MongoDB connected
[16-05-2025 16:39:01] INFO: 🚀  Server running at http://192.168.1.25:3005
[16-05-2025 16:39:06] INFO: Authorization header: Bearer eyJhbGciOiJIUzI1NiIsInR5cCI6IkpXVCJ9.eyJpZCI6MjgsImlhdCI6MTc0NzM4Nzc0MCwiZXhwIjoxNzQ3OTkyNTQwfQ.eTnSjWVUsEEW8aG2LkmL8RlB9fYHPKiKYsvitE4t7bY
[16-05-2025 16:39:06] INFO: Token extracted: eyJhbGciOiJIUzI1NiIsInR5cCI6IkpXVCJ9.eyJpZCI6MjgsImlhdCI6MTc0NzM4Nzc0MCwiZXhwIjoxNzQ3OTkyNTQwfQ.eTnSjWVUsEEW8aG2LkmL8RlB9fYHPKiKYsvitE4t7bY
[16-05-2025 16:39:06] INFO: Decoded token: 28
[16-05-2025 16:39:06] INFO: loginUserId: 28
[16-05-2025 16:39:06] INFO: Authorization header: Bearer eyJhbGciOiJIUzI1NiIsInR5cCI6IkpXVCJ9.eyJpZCI6MjgsImlhdCI6MTc0NzM4Nzc0MCwiZXhwIjoxNzQ3OTkyNTQwfQ.eTnSjWVUsEEW8aG2LkmL8RlB9fYHPKiKYsvitE4t7bY
[16-05-2025 16:39:06] INFO: Token extracted: eyJhbGciOiJIUzI1NiIsInR5cCI6IkpXVCJ9.eyJpZCI6MjgsImlhdCI6MTc0NzM4Nzc0MCwiZXhwIjoxNzQ3OTkyNTQwfQ.eTnSjWVUsEEW8aG2LkmL8RlB9fYHPKiKYsvitE4t7bY
[16-05-2025 16:39:06] INFO: Decoded token: 28
[16-05-2025 16:39:06] INFO: loginUserId: 28
[16-05-2025 16:39:15] INFO: Authorization header: Bearer eyJhbGciOiJIUzI1NiIsInR5cCI6IkpXVCJ9.eyJpZCI6MjgsImlhdCI6MTc0NzM4Nzc0MCwiZXhwIjoxNzQ3OTkyNTQwfQ.eTnSjWVUsEEW8aG2LkmL8RlB9fYHPKiKYsvitE4t7bY
[16-05-2025 16:39:15] INFO: Token extracted: eyJhbGciOiJIUzI1NiIsInR5cCI6IkpXVCJ9.eyJpZCI6MjgsImlhdCI6MTc0NzM4Nzc0MCwiZXhwIjoxNzQ3OTkyNTQwfQ.eTnSjWVUsEEW8aG2LkmL8RlB9fYHPKiKYsvitE4t7bY
[16-05-2025 16:39:15] INFO: Decoded token: 28
[16-05-2025 16:39:15] INFO: query: [object Object]
[16-05-2025 16:39:15] INFO: excludeId: 72
[16-05-2025 16:39:15] INFO: exists:  false
[16-05-2025 16:39:43] INFO: JWT_SECRET: 7424eeddacfddfcdb34c5307a9b166a47133b7b8cebf93cb42b7233316269e4eb11e87e76429e733a3e8c3d03757c2e8179516103a276ae45db724cd2d821486
[16-05-2025 16:39:43] INFO: interfaces: [object Object]
[16-05-2025 16:39:43] INFO: Local IP:", 192.168.1.25
[16-05-2025 16:39:43] INFO: ✅ MongoDB connected
[16-05-2025 16:39:43] INFO: 🚀  Server running at http://192.168.1.25:3005
[16-05-2025 16:43:01] INFO: Authorization header: Bearer eyJhbGciOiJIUzI1NiIsInR5cCI6IkpXVCJ9.eyJpZCI6MjgsImlhdCI6MTc0NzM4Nzc0MCwiZXhwIjoxNzQ3OTkyNTQwfQ.eTnSjWVUsEEW8aG2LkmL8RlB9fYHPKiKYsvitE4t7bY
[16-05-2025 16:43:01] INFO: Token extracted: eyJhbGciOiJIUzI1NiIsInR5cCI6IkpXVCJ9.eyJpZCI6MjgsImlhdCI6MTc0NzM4Nzc0MCwiZXhwIjoxNzQ3OTkyNTQwfQ.eTnSjWVUsEEW8aG2LkmL8RlB9fYHPKiKYsvitE4t7bY
[16-05-2025 16:43:01] INFO: Decoded token: 28
[16-05-2025 16:43:01] INFO: loginUserId: 28
[16-05-2025 16:43:01] INFO: Authorization header: Bearer eyJhbGciOiJIUzI1NiIsInR5cCI6IkpXVCJ9.eyJpZCI6MjgsImlhdCI6MTc0NzM4Nzc0MCwiZXhwIjoxNzQ3OTkyNTQwfQ.eTnSjWVUsEEW8aG2LkmL8RlB9fYHPKiKYsvitE4t7bY
[16-05-2025 16:43:01] INFO: Token extracted: eyJhbGciOiJIUzI1NiIsInR5cCI6IkpXVCJ9.eyJpZCI6MjgsImlhdCI6MTc0NzM4Nzc0MCwiZXhwIjoxNzQ3OTkyNTQwfQ.eTnSjWVUsEEW8aG2LkmL8RlB9fYHPKiKYsvitE4t7bY
[16-05-2025 16:43:01] INFO: Decoded token: 28
[16-05-2025 16:43:01] INFO: loginUserId: 28
[16-05-2025 16:46:37] INFO: Authorization header: Bearer eyJhbGciOiJIUzI1NiIsInR5cCI6IkpXVCJ9.eyJpZCI6MjgsImlhdCI6MTc0NzM4Nzc0MCwiZXhwIjoxNzQ3OTkyNTQwfQ.eTnSjWVUsEEW8aG2LkmL8RlB9fYHPKiKYsvitE4t7bY
[16-05-2025 16:46:37] INFO: Token extracted: eyJhbGciOiJIUzI1NiIsInR5cCI6IkpXVCJ9.eyJpZCI6MjgsImlhdCI6MTc0NzM4Nzc0MCwiZXhwIjoxNzQ3OTkyNTQwfQ.eTnSjWVUsEEW8aG2LkmL8RlB9fYHPKiKYsvitE4t7bY
[16-05-2025 16:46:37] INFO: Decoded token: 28
[16-05-2025 16:46:37] INFO: loginUserId: 28
[16-05-2025 16:46:37] INFO: Authorization header: Bearer eyJhbGciOiJIUzI1NiIsInR5cCI6IkpXVCJ9.eyJpZCI6MjgsImlhdCI6MTc0NzM4Nzc0MCwiZXhwIjoxNzQ3OTkyNTQwfQ.eTnSjWVUsEEW8aG2LkmL8RlB9fYHPKiKYsvitE4t7bY
[16-05-2025 16:46:37] INFO: Token extracted: eyJhbGciOiJIUzI1NiIsInR5cCI6IkpXVCJ9.eyJpZCI6MjgsImlhdCI6MTc0NzM4Nzc0MCwiZXhwIjoxNzQ3OTkyNTQwfQ.eTnSjWVUsEEW8aG2LkmL8RlB9fYHPKiKYsvitE4t7bY
[16-05-2025 16:46:37] INFO: Decoded token: 28
[16-05-2025 16:46:37] INFO: loginUserId: 28
[16-05-2025 16:51:32] INFO: Authorization header: Bearer eyJhbGciOiJIUzI1NiIsInR5cCI6IkpXVCJ9.eyJpZCI6MjgsImlhdCI6MTc0NzM4Nzc0MCwiZXhwIjoxNzQ3OTkyNTQwfQ.eTnSjWVUsEEW8aG2LkmL8RlB9fYHPKiKYsvitE4t7bY
[16-05-2025 16:51:32] INFO: Token extracted: eyJhbGciOiJIUzI1NiIsInR5cCI6IkpXVCJ9.eyJpZCI6MjgsImlhdCI6MTc0NzM4Nzc0MCwiZXhwIjoxNzQ3OTkyNTQwfQ.eTnSjWVUsEEW8aG2LkmL8RlB9fYHPKiKYsvitE4t7bY
[16-05-2025 16:51:32] INFO: Decoded token: 28
[16-05-2025 16:51:32] INFO: loginUserId: 28
[16-05-2025 16:51:32] INFO: Authorization header: Bearer eyJhbGciOiJIUzI1NiIsInR5cCI6IkpXVCJ9.eyJpZCI6MjgsImlhdCI6MTc0NzM4Nzc0MCwiZXhwIjoxNzQ3OTkyNTQwfQ.eTnSjWVUsEEW8aG2LkmL8RlB9fYHPKiKYsvitE4t7bY
[16-05-2025 16:51:32] INFO: Token extracted: eyJhbGciOiJIUzI1NiIsInR5cCI6IkpXVCJ9.eyJpZCI6MjgsImlhdCI6MTc0NzM4Nzc0MCwiZXhwIjoxNzQ3OTkyNTQwfQ.eTnSjWVUsEEW8aG2LkmL8RlB9fYHPKiKYsvitE4t7bY
[16-05-2025 16:51:32] INFO: Decoded token: 28
[16-05-2025 16:51:32] INFO: loginUserId: 28
[16-05-2025 16:51:40] INFO: Authorization header: Bearer eyJhbGciOiJIUzI1NiIsInR5cCI6IkpXVCJ9.eyJpZCI6MjgsImlhdCI6MTc0NzM4Nzc0MCwiZXhwIjoxNzQ3OTkyNTQwfQ.eTnSjWVUsEEW8aG2LkmL8RlB9fYHPKiKYsvitE4t7bY
[16-05-2025 16:51:40] INFO: Token extracted: eyJhbGciOiJIUzI1NiIsInR5cCI6IkpXVCJ9.eyJpZCI6MjgsImlhdCI6MTc0NzM4Nzc0MCwiZXhwIjoxNzQ3OTkyNTQwfQ.eTnSjWVUsEEW8aG2LkmL8RlB9fYHPKiKYsvitE4t7bY
[16-05-2025 16:51:40] INFO: Decoded token: 28
[16-05-2025 16:51:40] INFO: loginUserId: 28
[16-05-2025 16:51:40] INFO: Authorization header: Bearer eyJhbGciOiJIUzI1NiIsInR5cCI6IkpXVCJ9.eyJpZCI6MjgsImlhdCI6MTc0NzM4Nzc0MCwiZXhwIjoxNzQ3OTkyNTQwfQ.eTnSjWVUsEEW8aG2LkmL8RlB9fYHPKiKYsvitE4t7bY
[16-05-2025 16:51:40] INFO: Token extracted: eyJhbGciOiJIUzI1NiIsInR5cCI6IkpXVCJ9.eyJpZCI6MjgsImlhdCI6MTc0NzM4Nzc0MCwiZXhwIjoxNzQ3OTkyNTQwfQ.eTnSjWVUsEEW8aG2LkmL8RlB9fYHPKiKYsvitE4t7bY
[16-05-2025 16:51:40] INFO: Decoded token: 28
[16-05-2025 16:51:40] INFO: loginUserId: 28
[16-05-2025 16:51:47] INFO: Authorization header: Bearer eyJhbGciOiJIUzI1NiIsInR5cCI6IkpXVCJ9.eyJpZCI6MjgsImlhdCI6MTc0NzM4Nzc0MCwiZXhwIjoxNzQ3OTkyNTQwfQ.eTnSjWVUsEEW8aG2LkmL8RlB9fYHPKiKYsvitE4t7bY
[16-05-2025 16:51:47] INFO: Token extracted: eyJhbGciOiJIUzI1NiIsInR5cCI6IkpXVCJ9.eyJpZCI6MjgsImlhdCI6MTc0NzM4Nzc0MCwiZXhwIjoxNzQ3OTkyNTQwfQ.eTnSjWVUsEEW8aG2LkmL8RlB9fYHPKiKYsvitE4t7bY
[16-05-2025 16:51:47] INFO: Decoded token: 28
[16-05-2025 16:51:47] INFO: loginUserId: 28
[16-05-2025 16:51:47] INFO: Authorization header: Bearer eyJhbGciOiJIUzI1NiIsInR5cCI6IkpXVCJ9.eyJpZCI6MjgsImlhdCI6MTc0NzM4Nzc0MCwiZXhwIjoxNzQ3OTkyNTQwfQ.eTnSjWVUsEEW8aG2LkmL8RlB9fYHPKiKYsvitE4t7bY
[16-05-2025 16:51:47] INFO: Token extracted: eyJhbGciOiJIUzI1NiIsInR5cCI6IkpXVCJ9.eyJpZCI6MjgsImlhdCI6MTc0NzM4Nzc0MCwiZXhwIjoxNzQ3OTkyNTQwfQ.eTnSjWVUsEEW8aG2LkmL8RlB9fYHPKiKYsvitE4t7bY
[16-05-2025 16:51:47] INFO: Decoded token: 28
[16-05-2025 16:51:47] INFO: loginUserId: 28
[16-05-2025 16:54:51] INFO: Authorization header: Bearer eyJhbGciOiJIUzI1NiIsInR5cCI6IkpXVCJ9.eyJpZCI6MjgsImlhdCI6MTc0NzM4Nzc0MCwiZXhwIjoxNzQ3OTkyNTQwfQ.eTnSjWVUsEEW8aG2LkmL8RlB9fYHPKiKYsvitE4t7bY
[16-05-2025 16:54:51] INFO: Token extracted: eyJhbGciOiJIUzI1NiIsInR5cCI6IkpXVCJ9.eyJpZCI6MjgsImlhdCI6MTc0NzM4Nzc0MCwiZXhwIjoxNzQ3OTkyNTQwfQ.eTnSjWVUsEEW8aG2LkmL8RlB9fYHPKiKYsvitE4t7bY
[16-05-2025 16:54:51] INFO: Decoded token: 28
[16-05-2025 16:54:51] INFO: loginUserId: 28
[16-05-2025 16:54:51] INFO: Authorization header: Bearer eyJhbGciOiJIUzI1NiIsInR5cCI6IkpXVCJ9.eyJpZCI6MjgsImlhdCI6MTc0NzM4Nzc0MCwiZXhwIjoxNzQ3OTkyNTQwfQ.eTnSjWVUsEEW8aG2LkmL8RlB9fYHPKiKYsvitE4t7bY
[16-05-2025 16:54:51] INFO: Token extracted: eyJhbGciOiJIUzI1NiIsInR5cCI6IkpXVCJ9.eyJpZCI6MjgsImlhdCI6MTc0NzM4Nzc0MCwiZXhwIjoxNzQ3OTkyNTQwfQ.eTnSjWVUsEEW8aG2LkmL8RlB9fYHPKiKYsvitE4t7bY
[16-05-2025 16:54:51] INFO: Decoded token: 28
[16-05-2025 16:54:51] INFO: loginUserId: 28
[16-05-2025 16:56:42] INFO: Authorization header: Bearer eyJhbGciOiJIUzI1NiIsInR5cCI6IkpXVCJ9.eyJpZCI6MjgsImlhdCI6MTc0NzM4Nzc0MCwiZXhwIjoxNzQ3OTkyNTQwfQ.eTnSjWVUsEEW8aG2LkmL8RlB9fYHPKiKYsvitE4t7bY
[16-05-2025 16:56:42] INFO: Token extracted: eyJhbGciOiJIUzI1NiIsInR5cCI6IkpXVCJ9.eyJpZCI6MjgsImlhdCI6MTc0NzM4Nzc0MCwiZXhwIjoxNzQ3OTkyNTQwfQ.eTnSjWVUsEEW8aG2LkmL8RlB9fYHPKiKYsvitE4t7bY
[16-05-2025 16:56:42] INFO: Decoded token: 28
[16-05-2025 16:56:42] INFO: loginUserId: 28
[16-05-2025 16:56:42] INFO: Authorization header: Bearer eyJhbGciOiJIUzI1NiIsInR5cCI6IkpXVCJ9.eyJpZCI6MjgsImlhdCI6MTc0NzM4Nzc0MCwiZXhwIjoxNzQ3OTkyNTQwfQ.eTnSjWVUsEEW8aG2LkmL8RlB9fYHPKiKYsvitE4t7bY
[16-05-2025 16:56:42] INFO: Token extracted: eyJhbGciOiJIUzI1NiIsInR5cCI6IkpXVCJ9.eyJpZCI6MjgsImlhdCI6MTc0NzM4Nzc0MCwiZXhwIjoxNzQ3OTkyNTQwfQ.eTnSjWVUsEEW8aG2LkmL8RlB9fYHPKiKYsvitE4t7bY
[16-05-2025 16:56:42] INFO: Decoded token: 28
[16-05-2025 16:56:42] INFO: loginUserId: 28
[16-05-2025 17:03:06] INFO: Authorization header: Bearer eyJhbGciOiJIUzI1NiIsInR5cCI6IkpXVCJ9.eyJpZCI6MjgsImlhdCI6MTc0NzM4Nzc0MCwiZXhwIjoxNzQ3OTkyNTQwfQ.eTnSjWVUsEEW8aG2LkmL8RlB9fYHPKiKYsvitE4t7bY
[16-05-2025 17:03:06] INFO: Token extracted: eyJhbGciOiJIUzI1NiIsInR5cCI6IkpXVCJ9.eyJpZCI6MjgsImlhdCI6MTc0NzM4Nzc0MCwiZXhwIjoxNzQ3OTkyNTQwfQ.eTnSjWVUsEEW8aG2LkmL8RlB9fYHPKiKYsvitE4t7bY
[16-05-2025 17:03:06] INFO: Decoded token: 28
[16-05-2025 17:03:06] INFO: loginUserId: 28
[16-05-2025 17:03:06] INFO: Authorization header: Bearer eyJhbGciOiJIUzI1NiIsInR5cCI6IkpXVCJ9.eyJpZCI6MjgsImlhdCI6MTc0NzM4Nzc0MCwiZXhwIjoxNzQ3OTkyNTQwfQ.eTnSjWVUsEEW8aG2LkmL8RlB9fYHPKiKYsvitE4t7bY
[16-05-2025 17:03:06] INFO: Token extracted: eyJhbGciOiJIUzI1NiIsInR5cCI6IkpXVCJ9.eyJpZCI6MjgsImlhdCI6MTc0NzM4Nzc0MCwiZXhwIjoxNzQ3OTkyNTQwfQ.eTnSjWVUsEEW8aG2LkmL8RlB9fYHPKiKYsvitE4t7bY
[16-05-2025 17:03:06] INFO: Decoded token: 28
[16-05-2025 17:03:06] INFO: loginUserId: 28
[16-05-2025 17:03:22] INFO: Authorization header: Bearer eyJhbGciOiJIUzI1NiIsInR5cCI6IkpXVCJ9.eyJpZCI6MjgsImlhdCI6MTc0NzM4Nzc0MCwiZXhwIjoxNzQ3OTkyNTQwfQ.eTnSjWVUsEEW8aG2LkmL8RlB9fYHPKiKYsvitE4t7bY
[16-05-2025 17:03:22] INFO: Token extracted: eyJhbGciOiJIUzI1NiIsInR5cCI6IkpXVCJ9.eyJpZCI6MjgsImlhdCI6MTc0NzM4Nzc0MCwiZXhwIjoxNzQ3OTkyNTQwfQ.eTnSjWVUsEEW8aG2LkmL8RlB9fYHPKiKYsvitE4t7bY
[16-05-2025 17:03:22] INFO: Decoded token: 28
[16-05-2025 17:03:22] INFO: loginUserId: 28
[16-05-2025 17:03:22] INFO: Authorization header: Bearer eyJhbGciOiJIUzI1NiIsInR5cCI6IkpXVCJ9.eyJpZCI6MjgsImlhdCI6MTc0NzM4Nzc0MCwiZXhwIjoxNzQ3OTkyNTQwfQ.eTnSjWVUsEEW8aG2LkmL8RlB9fYHPKiKYsvitE4t7bY
[16-05-2025 17:03:22] INFO: Token extracted: eyJhbGciOiJIUzI1NiIsInR5cCI6IkpXVCJ9.eyJpZCI6MjgsImlhdCI6MTc0NzM4Nzc0MCwiZXhwIjoxNzQ3OTkyNTQwfQ.eTnSjWVUsEEW8aG2LkmL8RlB9fYHPKiKYsvitE4t7bY
[16-05-2025 17:03:22] INFO: Decoded token: 28
[16-05-2025 17:03:22] INFO: loginUserId: 28
[16-05-2025 17:11:33] INFO: Authorization header: Bearer eyJhbGciOiJIUzI1NiIsInR5cCI6IkpXVCJ9.eyJpZCI6MjgsImlhdCI6MTc0NzM4Nzc0MCwiZXhwIjoxNzQ3OTkyNTQwfQ.eTnSjWVUsEEW8aG2LkmL8RlB9fYHPKiKYsvitE4t7bY
[16-05-2025 17:11:33] INFO: Token extracted: eyJhbGciOiJIUzI1NiIsInR5cCI6IkpXVCJ9.eyJpZCI6MjgsImlhdCI6MTc0NzM4Nzc0MCwiZXhwIjoxNzQ3OTkyNTQwfQ.eTnSjWVUsEEW8aG2LkmL8RlB9fYHPKiKYsvitE4t7bY
[16-05-2025 17:11:33] INFO: Decoded token: 28
[16-05-2025 17:11:33] INFO: loginUserId: 28
[16-05-2025 17:11:33] INFO: Authorization header: Bearer eyJhbGciOiJIUzI1NiIsInR5cCI6IkpXVCJ9.eyJpZCI6MjgsImlhdCI6MTc0NzM4Nzc0MCwiZXhwIjoxNzQ3OTkyNTQwfQ.eTnSjWVUsEEW8aG2LkmL8RlB9fYHPKiKYsvitE4t7bY
[16-05-2025 17:11:33] INFO: Token extracted: eyJhbGciOiJIUzI1NiIsInR5cCI6IkpXVCJ9.eyJpZCI6MjgsImlhdCI6MTc0NzM4Nzc0MCwiZXhwIjoxNzQ3OTkyNTQwfQ.eTnSjWVUsEEW8aG2LkmL8RlB9fYHPKiKYsvitE4t7bY
[16-05-2025 17:11:33] INFO: Decoded token: 28
[16-05-2025 17:11:33] INFO: loginUserId: 28
[16-05-2025 17:24:43] INFO: JWT_SECRET: 7424eeddacfddfcdb34c5307a9b166a47133b7b8cebf93cb42b7233316269e4eb11e87e76429e733a3e8c3d03757c2e8179516103a276ae45db724cd2d821486
[16-05-2025 17:24:43] INFO: interfaces: [object Object]
[16-05-2025 17:24:43] INFO: Local IP:", 192.168.1.25
[16-05-2025 17:24:43] INFO: ✅ MongoDB connected
[16-05-2025 17:24:45] INFO: JWT_SECRET: 7424eeddacfddfcdb34c5307a9b166a47133b7b8cebf93cb42b7233316269e4eb11e87e76429e733a3e8c3d03757c2e8179516103a276ae45db724cd2d821486
[16-05-2025 17:24:45] INFO: interfaces: [object Object]
[16-05-2025 17:24:45] INFO: Local IP:", 192.168.1.25
[16-05-2025 17:24:46] INFO: ✅ MongoDB connected
[16-05-2025 17:24:46] INFO: 🚀  Server running at http://192.168.1.25:3005
[16-05-2025 17:24:48] INFO: Authorization header: Bearer eyJhbGciOiJIUzI1NiIsInR5cCI6IkpXVCJ9.eyJpZCI6MjgsImlhdCI6MTc0NzM4Nzc0MCwiZXhwIjoxNzQ3OTkyNTQwfQ.eTnSjWVUsEEW8aG2LkmL8RlB9fYHPKiKYsvitE4t7bY
[16-05-2025 17:24:48] INFO: Token extracted: eyJhbGciOiJIUzI1NiIsInR5cCI6IkpXVCJ9.eyJpZCI6MjgsImlhdCI6MTc0NzM4Nzc0MCwiZXhwIjoxNzQ3OTkyNTQwfQ.eTnSjWVUsEEW8aG2LkmL8RlB9fYHPKiKYsvitE4t7bY
[16-05-2025 17:24:48] INFO: Decoded token: 28
[16-05-2025 17:24:48] INFO: numericId: 73
[16-05-2025 17:24:48] INFO: deletedUser: {
  id: 73,
  name: 'sara',
  email: 'sara@gmail.com',
  age: 22,
  loginUserId: 28,
  avatars: [ 'uploads\\image.png' ],
  createdAt: 2025-05-16T10:53:49.274Z,
  updatedAt: 2025-05-16T10:54:10.095Z
}
[16-05-2025 17:24:50] INFO: Authorization header: Bearer eyJhbGciOiJIUzI1NiIsInR5cCI6IkpXVCJ9.eyJpZCI6MjgsImlhdCI6MTc0NzM4Nzc0MCwiZXhwIjoxNzQ3OTkyNTQwfQ.eTnSjWVUsEEW8aG2LkmL8RlB9fYHPKiKYsvitE4t7bY
[16-05-2025 17:24:50] INFO: Token extracted: eyJhbGciOiJIUzI1NiIsInR5cCI6IkpXVCJ9.eyJpZCI6MjgsImlhdCI6MTc0NzM4Nzc0MCwiZXhwIjoxNzQ3OTkyNTQwfQ.eTnSjWVUsEEW8aG2LkmL8RlB9fYHPKiKYsvitE4t7bY
[16-05-2025 17:24:50] INFO: Decoded token: 28
[16-05-2025 17:24:50] INFO: numericId: 72
[16-05-2025 17:24:50] INFO: deletedUser: {
  id: 72,
  name: 'kavita',
  email: 'kavita@mail.com',
  age: 27,
  loginUserId: 28,
  avatars: [
    'uploads\\1747393755208-822308100-download-compresskaru.com - Copy.png',
    'uploads\\1747393755211-561785781-download-compresskaru.com.png'
  ],
  createdAt: 2025-05-16T10:50:09.814Z,
  updatedAt: 2025-05-16T11:09:15.231Z
}
[16-05-2025 17:24:50] INFO: Authorization header: Bearer eyJhbGciOiJIUzI1NiIsInR5cCI6IkpXVCJ9.eyJpZCI6MjgsImlhdCI6MTc0NzM4Nzc0MCwiZXhwIjoxNzQ3OTkyNTQwfQ.eTnSjWVUsEEW8aG2LkmL8RlB9fYHPKiKYsvitE4t7bY
[16-05-2025 17:24:50] INFO: Token extracted: eyJhbGciOiJIUzI1NiIsInR5cCI6IkpXVCJ9.eyJpZCI6MjgsImlhdCI6MTc0NzM4Nzc0MCwiZXhwIjoxNzQ3OTkyNTQwfQ.eTnSjWVUsEEW8aG2LkmL8RlB9fYHPKiKYsvitE4t7bY
[16-05-2025 17:24:50] INFO: Decoded token: 28
[16-05-2025 17:24:50] INFO: numericId: 71
[16-05-2025 17:24:50] INFO: deletedUser: {
  id: 71,
  name: 'Ritz',
  email: 'ritz@mail.com',
  age: 18,
  loginUserId: 28,
  avatars: [
    'uploads\\1747389692242-78505962-photo-1522684462852-01b24e76b77d.jpg',
    'uploads\\1747389692252-505039298-shopping-mall-906721_640.jpg'
  ],
  createdAt: 2025-05-16T09:31:07.564Z,
  updatedAt: 2025-05-16T10:01:32.275Z
}
[16-05-2025 17:25:03] INFO: JWT_SECRET: 7424eeddacfddfcdb34c5307a9b166a47133b7b8cebf93cb42b7233316269e4eb11e87e76429e733a3e8c3d03757c2e8179516103a276ae45db724cd2d821486
[16-05-2025 17:25:03] INFO: interfaces: [object Object]
[16-05-2025 17:25:03] INFO: Local IP:", 192.168.1.25
[16-05-2025 17:25:03] INFO: ✅ MongoDB connected
[16-05-2025 17:25:03] INFO: 🚀  Server running at http://192.168.1.25:3005
[16-05-2025 17:25:29] INFO: JWT_SECRET: 7424eeddacfddfcdb34c5307a9b166a47133b7b8cebf93cb42b7233316269e4eb11e87e76429e733a3e8c3d03757c2e8179516103a276ae45db724cd2d821486
[16-05-2025 17:25:29] INFO: interfaces: [object Object]
[16-05-2025 17:25:29] INFO: Local IP:", 192.168.1.25
[16-05-2025 17:25:29] INFO: ✅ MongoDB connected
[16-05-2025 17:25:29] INFO: 🚀  Server running at http://192.168.1.25:3005
[16-05-2025 17:26:08] INFO: Authorization header: Bearer eyJhbGciOiJIUzI1NiIsInR5cCI6IkpXVCJ9.eyJpZCI6MjgsImlhdCI6MTc0NzM4Nzc0MCwiZXhwIjoxNzQ3OTkyNTQwfQ.eTnSjWVUsEEW8aG2LkmL8RlB9fYHPKiKYsvitE4t7bY
[16-05-2025 17:26:08] INFO: Token extracted: eyJhbGciOiJIUzI1NiIsInR5cCI6IkpXVCJ9.eyJpZCI6MjgsImlhdCI6MTc0NzM4Nzc0MCwiZXhwIjoxNzQ3OTkyNTQwfQ.eTnSjWVUsEEW8aG2LkmL8RlB9fYHPKiKYsvitE4t7bY
[16-05-2025 17:26:08] INFO: Decoded token: 28
[16-05-2025 17:26:08] INFO: loginUserId: 28
[16-05-2025 17:26:08] INFO: Authorization header: Bearer eyJhbGciOiJIUzI1NiIsInR5cCI6IkpXVCJ9.eyJpZCI6MjgsImlhdCI6MTc0NzM4Nzc0MCwiZXhwIjoxNzQ3OTkyNTQwfQ.eTnSjWVUsEEW8aG2LkmL8RlB9fYHPKiKYsvitE4t7bY
[16-05-2025 17:26:08] INFO: Token extracted: eyJhbGciOiJIUzI1NiIsInR5cCI6IkpXVCJ9.eyJpZCI6MjgsImlhdCI6MTc0NzM4Nzc0MCwiZXhwIjoxNzQ3OTkyNTQwfQ.eTnSjWVUsEEW8aG2LkmL8RlB9fYHPKiKYsvitE4t7bY
[16-05-2025 17:26:08] INFO: Decoded token: 28
[16-05-2025 17:26:08] INFO: loginUserId: 28
[16-05-2025 17:26:21] INFO: Authorization header: Bearer eyJhbGciOiJIUzI1NiIsInR5cCI6IkpXVCJ9.eyJpZCI6MjgsImlhdCI6MTc0NzM4Nzc0MCwiZXhwIjoxNzQ3OTkyNTQwfQ.eTnSjWVUsEEW8aG2LkmL8RlB9fYHPKiKYsvitE4t7bY
[16-05-2025 17:26:21] INFO: Token extracted: eyJhbGciOiJIUzI1NiIsInR5cCI6IkpXVCJ9.eyJpZCI6MjgsImlhdCI6MTc0NzM4Nzc0MCwiZXhwIjoxNzQ3OTkyNTQwfQ.eTnSjWVUsEEW8aG2LkmL8RlB9fYHPKiKYsvitE4t7bY
[16-05-2025 17:26:21] INFO: Decoded token: 28
[16-05-2025 17:26:21] INFO: existingUser: null
[16-05-2025 17:26:21] INFO: loginUserId: 28
[16-05-2025 17:26:21] INFO: req.user: [object Object]
[16-05-2025 17:26:21] INFO: userData: [object Object]
[16-05-2025 17:26:21] INFO: Next sequence value: {
  _id: new ObjectId('681d8e065d8e620093fad80a'),
  id: 'userId',
  __v: 0,
  seq: 74
}
[16-05-2025 17:26:21] INFO: userCreated: {
  id: 74,
  name: 'Shivani',
  email: 'shivani@mail.com',
  age: 20,
  loginUserId: 28,
  avatars: [
    'http://192.168.1.25:3005/uploads\\1747396581397-459795390-pngtree-the-crowd-was-in-the-atrium-of-the-shopping-mall-image_996474.jpg'
  ],
  createdAt: 2025-05-16T11:56:21.419Z,
  updatedAt: 2025-05-16T11:56:21.419Z
}
[16-05-2025 17:26:21] INFO: newUser: {
  id: 74,
  name: 'Shivani',
  email: 'shivani@mail.com',
  age: 20,
  loginUserId: 28,
  avatars: [
    'http://192.168.1.25:3005/uploads\\1747396581397-459795390-pngtree-the-crowd-was-in-the-atrium-of-the-shopping-mall-image_996474.jpg'
  ],
  createdAt: 2025-05-16T11:56:21.419Z,
  updatedAt: 2025-05-16T11:56:21.419Z
}
[16-05-2025 17:26:44] INFO: Authorization header: Bearer eyJhbGciOiJIUzI1NiIsInR5cCI6IkpXVCJ9.eyJpZCI6MjgsImlhdCI6MTc0NzM4Nzc0MCwiZXhwIjoxNzQ3OTkyNTQwfQ.eTnSjWVUsEEW8aG2LkmL8RlB9fYHPKiKYsvitE4t7bY
[16-05-2025 17:26:44] INFO: Token extracted: eyJhbGciOiJIUzI1NiIsInR5cCI6IkpXVCJ9.eyJpZCI6MjgsImlhdCI6MTc0NzM4Nzc0MCwiZXhwIjoxNzQ3OTkyNTQwfQ.eTnSjWVUsEEW8aG2LkmL8RlB9fYHPKiKYsvitE4t7bY
[16-05-2025 17:26:44] INFO: Decoded token: 28
[16-05-2025 17:26:44] INFO: loginUserId: 28
[16-05-2025 17:26:44] INFO: Authorization header: Bearer eyJhbGciOiJIUzI1NiIsInR5cCI6IkpXVCJ9.eyJpZCI6MjgsImlhdCI6MTc0NzM4Nzc0MCwiZXhwIjoxNzQ3OTkyNTQwfQ.eTnSjWVUsEEW8aG2LkmL8RlB9fYHPKiKYsvitE4t7bY
[16-05-2025 17:26:44] INFO: Token extracted: eyJhbGciOiJIUzI1NiIsInR5cCI6IkpXVCJ9.eyJpZCI6MjgsImlhdCI6MTc0NzM4Nzc0MCwiZXhwIjoxNzQ3OTkyNTQwfQ.eTnSjWVUsEEW8aG2LkmL8RlB9fYHPKiKYsvitE4t7bY
[16-05-2025 17:26:44] INFO: Decoded token: 28
[16-05-2025 17:26:44] INFO: loginUserId: 28
[16-05-2025 17:26:45] INFO: Authorization header: Bearer eyJhbGciOiJIUzI1NiIsInR5cCI6IkpXVCJ9.eyJpZCI6MjgsImlhdCI6MTc0NzM4Nzc0MCwiZXhwIjoxNzQ3OTkyNTQwfQ.eTnSjWVUsEEW8aG2LkmL8RlB9fYHPKiKYsvitE4t7bY
[16-05-2025 17:26:45] INFO: Token extracted: eyJhbGciOiJIUzI1NiIsInR5cCI6IkpXVCJ9.eyJpZCI6MjgsImlhdCI6MTc0NzM4Nzc0MCwiZXhwIjoxNzQ3OTkyNTQwfQ.eTnSjWVUsEEW8aG2LkmL8RlB9fYHPKiKYsvitE4t7bY
[16-05-2025 17:26:45] INFO: Decoded token: 28
[16-05-2025 17:26:45] INFO: loginUserId: 28
[16-05-2025 17:26:45] INFO: Authorization header: Bearer eyJhbGciOiJIUzI1NiIsInR5cCI6IkpXVCJ9.eyJpZCI6MjgsImlhdCI6MTc0NzM4Nzc0MCwiZXhwIjoxNzQ3OTkyNTQwfQ.eTnSjWVUsEEW8aG2LkmL8RlB9fYHPKiKYsvitE4t7bY
[16-05-2025 17:26:45] INFO: Token extracted: eyJhbGciOiJIUzI1NiIsInR5cCI6IkpXVCJ9.eyJpZCI6MjgsImlhdCI6MTc0NzM4Nzc0MCwiZXhwIjoxNzQ3OTkyNTQwfQ.eTnSjWVUsEEW8aG2LkmL8RlB9fYHPKiKYsvitE4t7bY
[16-05-2025 17:26:45] INFO: Decoded token: 28
[16-05-2025 17:26:45] INFO: loginUserId: 28
[16-05-2025 17:26:45] INFO: Authorization header: Bearer eyJhbGciOiJIUzI1NiIsInR5cCI6IkpXVCJ9.eyJpZCI6MjgsImlhdCI6MTc0NzM4Nzc0MCwiZXhwIjoxNzQ3OTkyNTQwfQ.eTnSjWVUsEEW8aG2LkmL8RlB9fYHPKiKYsvitE4t7bY
[16-05-2025 17:26:45] INFO: Token extracted: eyJhbGciOiJIUzI1NiIsInR5cCI6IkpXVCJ9.eyJpZCI6MjgsImlhdCI6MTc0NzM4Nzc0MCwiZXhwIjoxNzQ3OTkyNTQwfQ.eTnSjWVUsEEW8aG2LkmL8RlB9fYHPKiKYsvitE4t7bY
[16-05-2025 17:26:45] INFO: Decoded token: 28
[16-05-2025 17:26:45] INFO: loginUserId: 28
[16-05-2025 17:26:45] INFO: Authorization header: Bearer eyJhbGciOiJIUzI1NiIsInR5cCI6IkpXVCJ9.eyJpZCI6MjgsImlhdCI6MTc0NzM4Nzc0MCwiZXhwIjoxNzQ3OTkyNTQwfQ.eTnSjWVUsEEW8aG2LkmL8RlB9fYHPKiKYsvitE4t7bY
[16-05-2025 17:26:45] INFO: Token extracted: eyJhbGciOiJIUzI1NiIsInR5cCI6IkpXVCJ9.eyJpZCI6MjgsImlhdCI6MTc0NzM4Nzc0MCwiZXhwIjoxNzQ3OTkyNTQwfQ.eTnSjWVUsEEW8aG2LkmL8RlB9fYHPKiKYsvitE4t7bY
[16-05-2025 17:26:45] INFO: Decoded token: 28
[16-05-2025 17:26:45] INFO: loginUserId: 28
[16-05-2025 17:26:45] INFO: Authorization header: Bearer eyJhbGciOiJIUzI1NiIsInR5cCI6IkpXVCJ9.eyJpZCI6MjgsImlhdCI6MTc0NzM4Nzc0MCwiZXhwIjoxNzQ3OTkyNTQwfQ.eTnSjWVUsEEW8aG2LkmL8RlB9fYHPKiKYsvitE4t7bY
[16-05-2025 17:26:45] INFO: Token extracted: eyJhbGciOiJIUzI1NiIsInR5cCI6IkpXVCJ9.eyJpZCI6MjgsImlhdCI6MTc0NzM4Nzc0MCwiZXhwIjoxNzQ3OTkyNTQwfQ.eTnSjWVUsEEW8aG2LkmL8RlB9fYHPKiKYsvitE4t7bY
[16-05-2025 17:26:45] INFO: Decoded token: 28
[16-05-2025 17:26:45] INFO: loginUserId: 28
[16-05-2025 17:26:45] INFO: Authorization header: Bearer eyJhbGciOiJIUzI1NiIsInR5cCI6IkpXVCJ9.eyJpZCI6MjgsImlhdCI6MTc0NzM4Nzc0MCwiZXhwIjoxNzQ3OTkyNTQwfQ.eTnSjWVUsEEW8aG2LkmL8RlB9fYHPKiKYsvitE4t7bY
[16-05-2025 17:26:45] INFO: Token extracted: eyJhbGciOiJIUzI1NiIsInR5cCI6IkpXVCJ9.eyJpZCI6MjgsImlhdCI6MTc0NzM4Nzc0MCwiZXhwIjoxNzQ3OTkyNTQwfQ.eTnSjWVUsEEW8aG2LkmL8RlB9fYHPKiKYsvitE4t7bY
[16-05-2025 17:26:45] INFO: Decoded token: 28
[16-05-2025 17:26:45] INFO: loginUserId: 28
[16-05-2025 17:35:45] INFO: Authorization header: Bearer eyJhbGciOiJIUzI1NiIsInR5cCI6IkpXVCJ9.eyJpZCI6MjgsImlhdCI6MTc0NzM4Nzc0MCwiZXhwIjoxNzQ3OTkyNTQwfQ.eTnSjWVUsEEW8aG2LkmL8RlB9fYHPKiKYsvitE4t7bY
[16-05-2025 17:35:45] INFO: Token extracted: eyJhbGciOiJIUzI1NiIsInR5cCI6IkpXVCJ9.eyJpZCI6MjgsImlhdCI6MTc0NzM4Nzc0MCwiZXhwIjoxNzQ3OTkyNTQwfQ.eTnSjWVUsEEW8aG2LkmL8RlB9fYHPKiKYsvitE4t7bY
[16-05-2025 17:35:45] INFO: Decoded token: 28
[16-05-2025 17:35:45] INFO: loginUserId: 28
[16-05-2025 17:35:45] INFO: Authorization header: Bearer eyJhbGciOiJIUzI1NiIsInR5cCI6IkpXVCJ9.eyJpZCI6MjgsImlhdCI6MTc0NzM4Nzc0MCwiZXhwIjoxNzQ3OTkyNTQwfQ.eTnSjWVUsEEW8aG2LkmL8RlB9fYHPKiKYsvitE4t7bY
[16-05-2025 17:35:45] INFO: Token extracted: eyJhbGciOiJIUzI1NiIsInR5cCI6IkpXVCJ9.eyJpZCI6MjgsImlhdCI6MTc0NzM4Nzc0MCwiZXhwIjoxNzQ3OTkyNTQwfQ.eTnSjWVUsEEW8aG2LkmL8RlB9fYHPKiKYsvitE4t7bY
[16-05-2025 17:35:45] INFO: Decoded token: 28
[16-05-2025 17:35:45] INFO: loginUserId: 28
[16-05-2025 17:37:18] INFO: Authorization header: Bearer eyJhbGciOiJIUzI1NiIsInR5cCI6IkpXVCJ9.eyJpZCI6MjgsImlhdCI6MTc0NzM4Nzc0MCwiZXhwIjoxNzQ3OTkyNTQwfQ.eTnSjWVUsEEW8aG2LkmL8RlB9fYHPKiKYsvitE4t7bY
[16-05-2025 17:37:18] INFO: Token extracted: eyJhbGciOiJIUzI1NiIsInR5cCI6IkpXVCJ9.eyJpZCI6MjgsImlhdCI6MTc0NzM4Nzc0MCwiZXhwIjoxNzQ3OTkyNTQwfQ.eTnSjWVUsEEW8aG2LkmL8RlB9fYHPKiKYsvitE4t7bY
[16-05-2025 17:37:18] INFO: Decoded token: 28
[16-05-2025 17:37:18] INFO: loginUserId: 28
[16-05-2025 17:37:18] INFO: Authorization header: Bearer eyJhbGciOiJIUzI1NiIsInR5cCI6IkpXVCJ9.eyJpZCI6MjgsImlhdCI6MTc0NzM4Nzc0MCwiZXhwIjoxNzQ3OTkyNTQwfQ.eTnSjWVUsEEW8aG2LkmL8RlB9fYHPKiKYsvitE4t7bY
[16-05-2025 17:37:18] INFO: Token extracted: eyJhbGciOiJIUzI1NiIsInR5cCI6IkpXVCJ9.eyJpZCI6MjgsImlhdCI6MTc0NzM4Nzc0MCwiZXhwIjoxNzQ3OTkyNTQwfQ.eTnSjWVUsEEW8aG2LkmL8RlB9fYHPKiKYsvitE4t7bY
[16-05-2025 17:37:18] INFO: Decoded token: 28
[16-05-2025 17:37:18] INFO: loginUserId: 28
[16-05-2025 17:40:20] INFO: Authorization header: Bearer eyJhbGciOiJIUzI1NiIsInR5cCI6IkpXVCJ9.eyJpZCI6MjgsImlhdCI6MTc0NzM4Nzc0MCwiZXhwIjoxNzQ3OTkyNTQwfQ.eTnSjWVUsEEW8aG2LkmL8RlB9fYHPKiKYsvitE4t7bY
[16-05-2025 17:40:20] INFO: Token extracted: eyJhbGciOiJIUzI1NiIsInR5cCI6IkpXVCJ9.eyJpZCI6MjgsImlhdCI6MTc0NzM4Nzc0MCwiZXhwIjoxNzQ3OTkyNTQwfQ.eTnSjWVUsEEW8aG2LkmL8RlB9fYHPKiKYsvitE4t7bY
[16-05-2025 17:40:20] INFO: Decoded token: 28
[16-05-2025 17:40:20] INFO: loginUserId: 28
[16-05-2025 17:40:20] INFO: Authorization header: Bearer eyJhbGciOiJIUzI1NiIsInR5cCI6IkpXVCJ9.eyJpZCI6MjgsImlhdCI6MTc0NzM4Nzc0MCwiZXhwIjoxNzQ3OTkyNTQwfQ.eTnSjWVUsEEW8aG2LkmL8RlB9fYHPKiKYsvitE4t7bY
[16-05-2025 17:40:20] INFO: Token extracted: eyJhbGciOiJIUzI1NiIsInR5cCI6IkpXVCJ9.eyJpZCI6MjgsImlhdCI6MTc0NzM4Nzc0MCwiZXhwIjoxNzQ3OTkyNTQwfQ.eTnSjWVUsEEW8aG2LkmL8RlB9fYHPKiKYsvitE4t7bY
[16-05-2025 17:40:20] INFO: Decoded token: 28
[16-05-2025 17:40:20] INFO: loginUserId: 28
[16-05-2025 17:40:56] INFO: Authorization header: Bearer eyJhbGciOiJIUzI1NiIsInR5cCI6IkpXVCJ9.eyJpZCI6MjgsImlhdCI6MTc0NzM4Nzc0MCwiZXhwIjoxNzQ3OTkyNTQwfQ.eTnSjWVUsEEW8aG2LkmL8RlB9fYHPKiKYsvitE4t7bY
[16-05-2025 17:40:56] INFO: Token extracted: eyJhbGciOiJIUzI1NiIsInR5cCI6IkpXVCJ9.eyJpZCI6MjgsImlhdCI6MTc0NzM4Nzc0MCwiZXhwIjoxNzQ3OTkyNTQwfQ.eTnSjWVUsEEW8aG2LkmL8RlB9fYHPKiKYsvitE4t7bY
[16-05-2025 17:40:56] INFO: Decoded token: 28
[16-05-2025 17:40:56] INFO: loginUserId: 28
[16-05-2025 17:40:56] INFO: Authorization header: Bearer eyJhbGciOiJIUzI1NiIsInR5cCI6IkpXVCJ9.eyJpZCI6MjgsImlhdCI6MTc0NzM4Nzc0MCwiZXhwIjoxNzQ3OTkyNTQwfQ.eTnSjWVUsEEW8aG2LkmL8RlB9fYHPKiKYsvitE4t7bY
[16-05-2025 17:40:56] INFO: Token extracted: eyJhbGciOiJIUzI1NiIsInR5cCI6IkpXVCJ9.eyJpZCI6MjgsImlhdCI6MTc0NzM4Nzc0MCwiZXhwIjoxNzQ3OTkyNTQwfQ.eTnSjWVUsEEW8aG2LkmL8RlB9fYHPKiKYsvitE4t7bY
[16-05-2025 17:40:56] INFO: Decoded token: 28
[16-05-2025 17:40:56] INFO: loginUserId: 28
[16-05-2025 17:42:58] INFO: Authorization header: Bearer eyJhbGciOiJIUzI1NiIsInR5cCI6IkpXVCJ9.eyJpZCI6MjgsImlhdCI6MTc0NzM4Nzc0MCwiZXhwIjoxNzQ3OTkyNTQwfQ.eTnSjWVUsEEW8aG2LkmL8RlB9fYHPKiKYsvitE4t7bY
[16-05-2025 17:42:58] INFO: Token extracted: eyJhbGciOiJIUzI1NiIsInR5cCI6IkpXVCJ9.eyJpZCI6MjgsImlhdCI6MTc0NzM4Nzc0MCwiZXhwIjoxNzQ3OTkyNTQwfQ.eTnSjWVUsEEW8aG2LkmL8RlB9fYHPKiKYsvitE4t7bY
[16-05-2025 17:42:58] INFO: Decoded token: 28
[16-05-2025 17:42:58] INFO: loginUserId: 28
[16-05-2025 17:42:58] INFO: Authorization header: Bearer eyJhbGciOiJIUzI1NiIsInR5cCI6IkpXVCJ9.eyJpZCI6MjgsImlhdCI6MTc0NzM4Nzc0MCwiZXhwIjoxNzQ3OTkyNTQwfQ.eTnSjWVUsEEW8aG2LkmL8RlB9fYHPKiKYsvitE4t7bY
[16-05-2025 17:42:58] INFO: Token extracted: eyJhbGciOiJIUzI1NiIsInR5cCI6IkpXVCJ9.eyJpZCI6MjgsImlhdCI6MTc0NzM4Nzc0MCwiZXhwIjoxNzQ3OTkyNTQwfQ.eTnSjWVUsEEW8aG2LkmL8RlB9fYHPKiKYsvitE4t7bY
[16-05-2025 17:42:58] INFO: Decoded token: 28
[16-05-2025 17:42:58] INFO: loginUserId: 28
[16-05-2025 17:43:05] INFO: Authorization header: Bearer eyJhbGciOiJIUzI1NiIsInR5cCI6IkpXVCJ9.eyJpZCI6MjgsImlhdCI6MTc0NzM4Nzc0MCwiZXhwIjoxNzQ3OTkyNTQwfQ.eTnSjWVUsEEW8aG2LkmL8RlB9fYHPKiKYsvitE4t7bY
[16-05-2025 17:43:05] INFO: Token extracted: eyJhbGciOiJIUzI1NiIsInR5cCI6IkpXVCJ9.eyJpZCI6MjgsImlhdCI6MTc0NzM4Nzc0MCwiZXhwIjoxNzQ3OTkyNTQwfQ.eTnSjWVUsEEW8aG2LkmL8RlB9fYHPKiKYsvitE4t7bY
[16-05-2025 17:43:05] INFO: Decoded token: 28
[16-05-2025 17:43:05] INFO: loginUserId: 28
[16-05-2025 17:43:05] INFO: Authorization header: Bearer eyJhbGciOiJIUzI1NiIsInR5cCI6IkpXVCJ9.eyJpZCI6MjgsImlhdCI6MTc0NzM4Nzc0MCwiZXhwIjoxNzQ3OTkyNTQwfQ.eTnSjWVUsEEW8aG2LkmL8RlB9fYHPKiKYsvitE4t7bY
[16-05-2025 17:43:05] INFO: Token extracted: eyJhbGciOiJIUzI1NiIsInR5cCI6IkpXVCJ9.eyJpZCI6MjgsImlhdCI6MTc0NzM4Nzc0MCwiZXhwIjoxNzQ3OTkyNTQwfQ.eTnSjWVUsEEW8aG2LkmL8RlB9fYHPKiKYsvitE4t7bY
[16-05-2025 17:43:05] INFO: Decoded token: 28
[16-05-2025 17:43:05] INFO: loginUserId: 28
[16-05-2025 17:43:47] INFO: Authorization header: Bearer eyJhbGciOiJIUzI1NiIsInR5cCI6IkpXVCJ9.eyJpZCI6MjgsImlhdCI6MTc0NzM4Nzc0MCwiZXhwIjoxNzQ3OTkyNTQwfQ.eTnSjWVUsEEW8aG2LkmL8RlB9fYHPKiKYsvitE4t7bY
[16-05-2025 17:43:47] INFO: Token extracted: eyJhbGciOiJIUzI1NiIsInR5cCI6IkpXVCJ9.eyJpZCI6MjgsImlhdCI6MTc0NzM4Nzc0MCwiZXhwIjoxNzQ3OTkyNTQwfQ.eTnSjWVUsEEW8aG2LkmL8RlB9fYHPKiKYsvitE4t7bY
[16-05-2025 17:43:47] INFO: Decoded token: 28
[16-05-2025 17:43:47] INFO: loginUserId: 28
[16-05-2025 17:43:47] INFO: Authorization header: Bearer eyJhbGciOiJIUzI1NiIsInR5cCI6IkpXVCJ9.eyJpZCI6MjgsImlhdCI6MTc0NzM4Nzc0MCwiZXhwIjoxNzQ3OTkyNTQwfQ.eTnSjWVUsEEW8aG2LkmL8RlB9fYHPKiKYsvitE4t7bY
[16-05-2025 17:43:47] INFO: Token extracted: eyJhbGciOiJIUzI1NiIsInR5cCI6IkpXVCJ9.eyJpZCI6MjgsImlhdCI6MTc0NzM4Nzc0MCwiZXhwIjoxNzQ3OTkyNTQwfQ.eTnSjWVUsEEW8aG2LkmL8RlB9fYHPKiKYsvitE4t7bY
[16-05-2025 17:43:47] INFO: Decoded token: 28
[16-05-2025 17:43:47] INFO: loginUserId: 28
[16-05-2025 17:44:06] INFO: Authorization header: Bearer eyJhbGciOiJIUzI1NiIsInR5cCI6IkpXVCJ9.eyJpZCI6MjgsImlhdCI6MTc0NzM4Nzc0MCwiZXhwIjoxNzQ3OTkyNTQwfQ.eTnSjWVUsEEW8aG2LkmL8RlB9fYHPKiKYsvitE4t7bY
[16-05-2025 17:44:06] INFO: Token extracted: eyJhbGciOiJIUzI1NiIsInR5cCI6IkpXVCJ9.eyJpZCI6MjgsImlhdCI6MTc0NzM4Nzc0MCwiZXhwIjoxNzQ3OTkyNTQwfQ.eTnSjWVUsEEW8aG2LkmL8RlB9fYHPKiKYsvitE4t7bY
[16-05-2025 17:44:06] INFO: Decoded token: 28
[16-05-2025 17:44:06] INFO: loginUserId: 28
[16-05-2025 17:44:06] INFO: Authorization header: Bearer eyJhbGciOiJIUzI1NiIsInR5cCI6IkpXVCJ9.eyJpZCI6MjgsImlhdCI6MTc0NzM4Nzc0MCwiZXhwIjoxNzQ3OTkyNTQwfQ.eTnSjWVUsEEW8aG2LkmL8RlB9fYHPKiKYsvitE4t7bY
[16-05-2025 17:44:06] INFO: Token extracted: eyJhbGciOiJIUzI1NiIsInR5cCI6IkpXVCJ9.eyJpZCI6MjgsImlhdCI6MTc0NzM4Nzc0MCwiZXhwIjoxNzQ3OTkyNTQwfQ.eTnSjWVUsEEW8aG2LkmL8RlB9fYHPKiKYsvitE4t7bY
[16-05-2025 17:44:06] INFO: Decoded token: 28
[16-05-2025 17:44:06] INFO: loginUserId: 28
[19-05-2025 09:41:18] INFO: JWT_SECRET: 7424eeddacfddfcdb34c5307a9b166a47133b7b8cebf93cb42b7233316269e4eb11e87e76429e733a3e8c3d03757c2e8179516103a276ae45db724cd2d821486
[19-05-2025 09:41:18] INFO: interfaces: [object Object]
[19-05-2025 09:41:18] INFO: Local IP:", 192.168.1.25
[19-05-2025 09:41:18] INFO: ✅ MongoDB connected
[19-05-2025 09:41:18] INFO: 🚀  Server running at http://192.168.1.25:3005
[19-05-2025 09:48:30] INFO: Authorization header: Bearer eyJhbGciOiJIUzI1NiIsInR5cCI6IkpXVCJ9.eyJpZCI6MjgsImlhdCI6MTc0NzM4Nzc0MCwiZXhwIjoxNzQ3OTkyNTQwfQ.eTnSjWVUsEEW8aG2LkmL8RlB9fYHPKiKYsvitE4t7bY
[19-05-2025 09:48:30] INFO: Token extracted: eyJhbGciOiJIUzI1NiIsInR5cCI6IkpXVCJ9.eyJpZCI6MjgsImlhdCI6MTc0NzM4Nzc0MCwiZXhwIjoxNzQ3OTkyNTQwfQ.eTnSjWVUsEEW8aG2LkmL8RlB9fYHPKiKYsvitE4t7bY
[19-05-2025 09:48:30] INFO: Decoded token: 28
[19-05-2025 09:48:30] INFO: loginUserId: 28
[19-05-2025 09:48:30] INFO: Authorization header: Bearer eyJhbGciOiJIUzI1NiIsInR5cCI6IkpXVCJ9.eyJpZCI6MjgsImlhdCI6MTc0NzM4Nzc0MCwiZXhwIjoxNzQ3OTkyNTQwfQ.eTnSjWVUsEEW8aG2LkmL8RlB9fYHPKiKYsvitE4t7bY
[19-05-2025 09:48:30] INFO: Token extracted: eyJhbGciOiJIUzI1NiIsInR5cCI6IkpXVCJ9.eyJpZCI6MjgsImlhdCI6MTc0NzM4Nzc0MCwiZXhwIjoxNzQ3OTkyNTQwfQ.eTnSjWVUsEEW8aG2LkmL8RlB9fYHPKiKYsvitE4t7bY
[19-05-2025 09:48:30] INFO: Decoded token: 28
[19-05-2025 09:48:30] INFO: loginUserId: 28
[19-05-2025 12:17:13] INFO: JWT_SECRET: 7424eeddacfddfcdb34c5307a9b166a47133b7b8cebf93cb42b7233316269e4eb11e87e76429e733a3e8c3d03757c2e8179516103a276ae45db724cd2d821486
[19-05-2025 12:17:13] INFO: interfaces: [object Object]
[19-05-2025 12:17:13] INFO: Local IP:", 192.168.1.25
[19-05-2025 12:17:13] INFO: ✅ MongoDB connected
[19-05-2025 12:17:13] INFO: 🚀  Server running at http://192.168.1.25:3005
[19-05-2025 12:17:13] INFO: Authorization header: Bearer eyJhbGciOiJIUzI1NiIsInR5cCI6IkpXVCJ9.eyJpZCI6MjgsImlhdCI6MTc0NzM4Nzc0MCwiZXhwIjoxNzQ3OTkyNTQwfQ.eTnSjWVUsEEW8aG2LkmL8RlB9fYHPKiKYsvitE4t7bY
[19-05-2025 12:17:13] INFO: Token extracted: eyJhbGciOiJIUzI1NiIsInR5cCI6IkpXVCJ9.eyJpZCI6MjgsImlhdCI6MTc0NzM4Nzc0MCwiZXhwIjoxNzQ3OTkyNTQwfQ.eTnSjWVUsEEW8aG2LkmL8RlB9fYHPKiKYsvitE4t7bY
[19-05-2025 12:17:13] INFO: Decoded token: 28
[19-05-2025 12:17:13] INFO: loginUserId: 28
[19-05-2025 12:17:14] INFO: JWT_SECRET: 7424eeddacfddfcdb34c5307a9b166a47133b7b8cebf93cb42b7233316269e4eb11e87e76429e733a3e8c3d03757c2e8179516103a276ae45db724cd2d821486
[19-05-2025 12:17:14] INFO: interfaces: [object Object]
[19-05-2025 12:17:14] INFO: Local IP:", 192.168.1.25
[19-05-2025 12:17:14] INFO: ✅ MongoDB connected
[19-05-2025 12:17:14] INFO: 🚀  Server running at http://192.168.1.25:3005
[19-05-2025 12:17:14] INFO: Authorization header: Bearer eyJhbGciOiJIUzI1NiIsInR5cCI6IkpXVCJ9.eyJpZCI6MjgsImlhdCI6MTc0NzM4Nzc0MCwiZXhwIjoxNzQ3OTkyNTQwfQ.eTnSjWVUsEEW8aG2LkmL8RlB9fYHPKiKYsvitE4t7bY
[19-05-2025 12:17:14] INFO: Token extracted: eyJhbGciOiJIUzI1NiIsInR5cCI6IkpXVCJ9.eyJpZCI6MjgsImlhdCI6MTc0NzM4Nzc0MCwiZXhwIjoxNzQ3OTkyNTQwfQ.eTnSjWVUsEEW8aG2LkmL8RlB9fYHPKiKYsvitE4t7bY
[19-05-2025 12:17:14] INFO: Decoded token: 28
[19-05-2025 12:17:14] INFO: loginUserId: 28
[19-05-2025 12:17:14] INFO: Authorization header: Bearer eyJhbGciOiJIUzI1NiIsInR5cCI6IkpXVCJ9.eyJpZCI6MjgsImlhdCI6MTc0NzM4Nzc0MCwiZXhwIjoxNzQ3OTkyNTQwfQ.eTnSjWVUsEEW8aG2LkmL8RlB9fYHPKiKYsvitE4t7bY
[19-05-2025 12:17:14] INFO: Token extracted: eyJhbGciOiJIUzI1NiIsInR5cCI6IkpXVCJ9.eyJpZCI6MjgsImlhdCI6MTc0NzM4Nzc0MCwiZXhwIjoxNzQ3OTkyNTQwfQ.eTnSjWVUsEEW8aG2LkmL8RlB9fYHPKiKYsvitE4t7bY
[19-05-2025 12:17:14] INFO: Decoded token: 28
[19-05-2025 12:17:14] INFO: loginUserId: 28
[19-05-2025 12:17:36] INFO: Authorization header: Bearer eyJhbGciOiJIUzI1NiIsInR5cCI6IkpXVCJ9.eyJpZCI6MjgsImlhdCI6MTc0NzM4Nzc0MCwiZXhwIjoxNzQ3OTkyNTQwfQ.eTnSjWVUsEEW8aG2LkmL8RlB9fYHPKiKYsvitE4t7bY
[19-05-2025 12:17:36] INFO: Token extracted: eyJhbGciOiJIUzI1NiIsInR5cCI6IkpXVCJ9.eyJpZCI6MjgsImlhdCI6MTc0NzM4Nzc0MCwiZXhwIjoxNzQ3OTkyNTQwfQ.eTnSjWVUsEEW8aG2LkmL8RlB9fYHPKiKYsvitE4t7bY
[19-05-2025 12:17:36] INFO: Decoded token: 28
[19-05-2025 12:17:36] INFO: loginUserId: 28
[19-05-2025 12:17:36] INFO: Authorization header: Bearer eyJhbGciOiJIUzI1NiIsInR5cCI6IkpXVCJ9.eyJpZCI6MjgsImlhdCI6MTc0NzM4Nzc0MCwiZXhwIjoxNzQ3OTkyNTQwfQ.eTnSjWVUsEEW8aG2LkmL8RlB9fYHPKiKYsvitE4t7bY
[19-05-2025 12:17:36] INFO: Token extracted: eyJhbGciOiJIUzI1NiIsInR5cCI6IkpXVCJ9.eyJpZCI6MjgsImlhdCI6MTc0NzM4Nzc0MCwiZXhwIjoxNzQ3OTkyNTQwfQ.eTnSjWVUsEEW8aG2LkmL8RlB9fYHPKiKYsvitE4t7bY
[19-05-2025 12:17:36] INFO: Decoded token: 28
[19-05-2025 12:17:36] INFO: loginUserId: 28
[19-05-2025 12:17:36] INFO: Authorization header: Bearer eyJhbGciOiJIUzI1NiIsInR5cCI6IkpXVCJ9.eyJpZCI6MjgsImlhdCI6MTc0NzM4Nzc0MCwiZXhwIjoxNzQ3OTkyNTQwfQ.eTnSjWVUsEEW8aG2LkmL8RlB9fYHPKiKYsvitE4t7bY
[19-05-2025 12:17:36] INFO: Token extracted: eyJhbGciOiJIUzI1NiIsInR5cCI6IkpXVCJ9.eyJpZCI6MjgsImlhdCI6MTc0NzM4Nzc0MCwiZXhwIjoxNzQ3OTkyNTQwfQ.eTnSjWVUsEEW8aG2LkmL8RlB9fYHPKiKYsvitE4t7bY
[19-05-2025 12:17:36] INFO: Decoded token: 28
[19-05-2025 12:17:36] INFO: loginUserId: 28
[19-05-2025 12:18:09] INFO: JWT_SECRET: 7424eeddacfddfcdb34c5307a9b166a47133b7b8cebf93cb42b7233316269e4eb11e87e76429e733a3e8c3d03757c2e8179516103a276ae45db724cd2d821486
[19-05-2025 12:18:09] INFO: interfaces: [object Object]
[19-05-2025 12:18:09] INFO: Local IP:", 192.168.1.25
[19-05-2025 12:18:09] INFO: ✅ MongoDB connected
[19-05-2025 12:18:09] INFO: 🚀  Server running at http://192.168.1.25:3005
[19-05-2025 12:18:26] INFO: JWT_SECRET: 7424eeddacfddfcdb34c5307a9b166a47133b7b8cebf93cb42b7233316269e4eb11e87e76429e733a3e8c3d03757c2e8179516103a276ae45db724cd2d821486
[19-05-2025 12:18:26] INFO: interfaces: [object Object]
[19-05-2025 12:18:26] INFO: Local IP:", 192.168.1.25
[19-05-2025 12:18:26] INFO: ✅ MongoDB connected
[19-05-2025 12:18:26] INFO: 🚀  Server running at http://192.168.1.25:3005
[19-05-2025 12:19:06] INFO: JWT_SECRET: 7424eeddacfddfcdb34c5307a9b166a47133b7b8cebf93cb42b7233316269e4eb11e87e76429e733a3e8c3d03757c2e8179516103a276ae45db724cd2d821486
[19-05-2025 12:19:06] INFO: interfaces: [object Object]
[19-05-2025 12:19:06] INFO: Local IP:", 192.168.1.25
[19-05-2025 12:19:06] INFO: ✅ MongoDB connected
[19-05-2025 12:19:06] INFO: 🚀  Server running at http://192.168.1.25:3005
[19-05-2025 12:19:18] INFO: JWT_SECRET: 7424eeddacfddfcdb34c5307a9b166a47133b7b8cebf93cb42b7233316269e4eb11e87e76429e733a3e8c3d03757c2e8179516103a276ae45db724cd2d821486
[19-05-2025 12:19:18] INFO: interfaces: [object Object]
[19-05-2025 12:19:18] INFO: Local IP:", 192.168.1.25
[19-05-2025 12:19:18] INFO: ✅ MongoDB connected
[19-05-2025 12:19:18] INFO: 🚀  Server running at http://192.168.1.25:3005
[19-05-2025 12:22:10] INFO: JWT_SECRET: 7424eeddacfddfcdb34c5307a9b166a47133b7b8cebf93cb42b7233316269e4eb11e87e76429e733a3e8c3d03757c2e8179516103a276ae45db724cd2d821486
[19-05-2025 12:22:10] INFO: interfaces: [object Object]
[19-05-2025 12:22:10] INFO: Local IP:", 192.168.1.25
[19-05-2025 12:22:10] INFO: ✅ MongoDB connected
[19-05-2025 12:22:10] INFO: 🚀  Server running at http://192.168.1.25:3005
[19-05-2025 12:23:25] INFO: JWT_SECRET: 7424eeddacfddfcdb34c5307a9b166a47133b7b8cebf93cb42b7233316269e4eb11e87e76429e733a3e8c3d03757c2e8179516103a276ae45db724cd2d821486
[19-05-2025 12:23:25] INFO: interfaces: [object Object]
[19-05-2025 12:23:25] INFO: Local IP:", 192.168.1.25
[19-05-2025 12:23:25] INFO: ✅ MongoDB connected
[19-05-2025 12:23:25] INFO: 🚀  Server running at http://192.168.1.25:3005
[19-05-2025 12:23:26] INFO: JWT_SECRET: 7424eeddacfddfcdb34c5307a9b166a47133b7b8cebf93cb42b7233316269e4eb11e87e76429e733a3e8c3d03757c2e8179516103a276ae45db724cd2d821486
[19-05-2025 12:23:26] INFO: interfaces: [object Object]
[19-05-2025 12:23:26] INFO: Local IP:", 192.168.1.25
[19-05-2025 12:23:26] INFO: ✅ MongoDB connected
[19-05-2025 12:23:26] INFO: 🚀  Server running at http://192.168.1.25:3005
[19-05-2025 12:23:32] INFO: Authorization header: Bearer eyJhbGciOiJIUzI1NiIsInR5cCI6IkpXVCJ9.eyJpZCI6MjgsImlhdCI6MTc0NzM4Nzc0MCwiZXhwIjoxNzQ3OTkyNTQwfQ.eTnSjWVUsEEW8aG2LkmL8RlB9fYHPKiKYsvitE4t7bY
[19-05-2025 12:23:32] INFO: Token extracted: eyJhbGciOiJIUzI1NiIsInR5cCI6IkpXVCJ9.eyJpZCI6MjgsImlhdCI6MTc0NzM4Nzc0MCwiZXhwIjoxNzQ3OTkyNTQwfQ.eTnSjWVUsEEW8aG2LkmL8RlB9fYHPKiKYsvitE4t7bY
[19-05-2025 12:23:32] INFO: Decoded token: 28
[19-05-2025 12:23:32] INFO: loginUserId: 28
[19-05-2025 12:23:32] INFO: Authorization header: Bearer eyJhbGciOiJIUzI1NiIsInR5cCI6IkpXVCJ9.eyJpZCI6MjgsImlhdCI6MTc0NzM4Nzc0MCwiZXhwIjoxNzQ3OTkyNTQwfQ.eTnSjWVUsEEW8aG2LkmL8RlB9fYHPKiKYsvitE4t7bY
[19-05-2025 12:23:32] INFO: Token extracted: eyJhbGciOiJIUzI1NiIsInR5cCI6IkpXVCJ9.eyJpZCI6MjgsImlhdCI6MTc0NzM4Nzc0MCwiZXhwIjoxNzQ3OTkyNTQwfQ.eTnSjWVUsEEW8aG2LkmL8RlB9fYHPKiKYsvitE4t7bY
[19-05-2025 12:23:32] INFO: Decoded token: 28
[19-05-2025 12:23:32] INFO: loginUserId: 28
[19-05-2025 12:28:42] INFO: JWT_SECRET: 7424eeddacfddfcdb34c5307a9b166a47133b7b8cebf93cb42b7233316269e4eb11e87e76429e733a3e8c3d03757c2e8179516103a276ae45db724cd2d821486
[19-05-2025 12:28:42] INFO: interfaces: [object Object]
[19-05-2025 12:28:42] INFO: Local IP:", 192.168.1.25
[19-05-2025 12:28:42] INFO: ✅ MongoDB connected
[19-05-2025 12:28:42] INFO: 🚀  Server running at http://192.168.1.25:3005
[19-05-2025 12:29:06] INFO: JWT_SECRET: 7424eeddacfddfcdb34c5307a9b166a47133b7b8cebf93cb42b7233316269e4eb11e87e76429e733a3e8c3d03757c2e8179516103a276ae45db724cd2d821486
[19-05-2025 12:29:07] INFO: interfaces: [object Object]
[19-05-2025 12:29:07] INFO: Local IP:", 192.168.1.25
[19-05-2025 12:29:07] INFO: ✅ MongoDB connected
[19-05-2025 12:29:07] INFO: 🚀  Server running at http://192.168.1.25:3005
[19-05-2025 12:29:37] INFO: JWT_SECRET: 7424eeddacfddfcdb34c5307a9b166a47133b7b8cebf93cb42b7233316269e4eb11e87e76429e733a3e8c3d03757c2e8179516103a276ae45db724cd2d821486
[19-05-2025 12:29:37] INFO: interfaces: [object Object]
[19-05-2025 12:29:37] INFO: Local IP:", 192.168.1.25
[19-05-2025 12:29:37] INFO: ✅ MongoDB connected
[19-05-2025 12:29:37] INFO: 🚀  Server running at http://192.168.1.25:3005
[19-05-2025 12:29:39] INFO: JWT_SECRET: 7424eeddacfddfcdb34c5307a9b166a47133b7b8cebf93cb42b7233316269e4eb11e87e76429e733a3e8c3d03757c2e8179516103a276ae45db724cd2d821486
[19-05-2025 12:29:39] INFO: interfaces: [object Object]
[19-05-2025 12:29:39] INFO: Local IP:", 192.168.1.25
[19-05-2025 12:29:39] INFO: ✅ MongoDB connected
[19-05-2025 12:29:39] INFO: 🚀  Server running at http://192.168.1.25:3005
[19-05-2025 12:35:18] INFO: JWT_SECRET: 7424eeddacfddfcdb34c5307a9b166a47133b7b8cebf93cb42b7233316269e4eb11e87e76429e733a3e8c3d03757c2e8179516103a276ae45db724cd2d821486
[19-05-2025 12:35:18] INFO: interfaces: [object Object]
[19-05-2025 12:35:18] INFO: Local IP:", 192.168.1.25
[19-05-2025 12:35:18] INFO: ✅ MongoDB connected
[19-05-2025 12:35:18] INFO: 🚀  Server running at http://192.168.1.25:3005
[19-05-2025 12:35:53] INFO: JWT_SECRET: 7424eeddacfddfcdb34c5307a9b166a47133b7b8cebf93cb42b7233316269e4eb11e87e76429e733a3e8c3d03757c2e8179516103a276ae45db724cd2d821486
[19-05-2025 12:35:53] INFO: interfaces: [object Object]
[19-05-2025 12:35:53] INFO: Local IP:", 192.168.1.25
[19-05-2025 12:35:53] INFO: ✅ MongoDB connected
[19-05-2025 12:35:53] INFO: 🚀  Server running at http://192.168.1.25:3005
[19-05-2025 12:35:54] INFO: JWT_SECRET: 7424eeddacfddfcdb34c5307a9b166a47133b7b8cebf93cb42b7233316269e4eb11e87e76429e733a3e8c3d03757c2e8179516103a276ae45db724cd2d821486
[19-05-2025 12:35:54] INFO: interfaces: [object Object]
[19-05-2025 12:35:54] INFO: Local IP:", 192.168.1.25
[19-05-2025 12:35:54] INFO: ✅ MongoDB connected
[19-05-2025 12:35:54] INFO: 🚀  Server running at http://192.168.1.25:3005
[19-05-2025 12:40:15] INFO: JWT_SECRET: 7424eeddacfddfcdb34c5307a9b166a47133b7b8cebf93cb42b7233316269e4eb11e87e76429e733a3e8c3d03757c2e8179516103a276ae45db724cd2d821486
[19-05-2025 12:40:15] INFO: interfaces: [object Object]
[19-05-2025 12:40:15] INFO: Local IP:", 192.168.1.25
[19-05-2025 12:40:15] INFO: ✅ MongoDB connected
[19-05-2025 12:40:15] INFO: 🚀  Server running at http://192.168.1.25:3005
[19-05-2025 12:40:19] INFO: JWT_SECRET: 7424eeddacfddfcdb34c5307a9b166a47133b7b8cebf93cb42b7233316269e4eb11e87e76429e733a3e8c3d03757c2e8179516103a276ae45db724cd2d821486
[19-05-2025 12:40:19] INFO: interfaces: [object Object]
[19-05-2025 12:40:19] INFO: Local IP:", 192.168.1.25
[19-05-2025 12:40:19] INFO: ✅ MongoDB connected
[19-05-2025 12:40:19] INFO: 🚀  Server running at http://192.168.1.25:3005
[19-05-2025 12:40:34] INFO: JWT_SECRET: 7424eeddacfddfcdb34c5307a9b166a47133b7b8cebf93cb42b7233316269e4eb11e87e76429e733a3e8c3d03757c2e8179516103a276ae45db724cd2d821486
[19-05-2025 12:40:34] INFO: interfaces: [object Object]
[19-05-2025 12:40:34] INFO: Local IP:", 192.168.1.25
[19-05-2025 12:40:34] INFO: ✅ MongoDB connected
[19-05-2025 12:40:34] INFO: 🚀  Server running at http://192.168.1.25:3005
[19-05-2025 12:40:45] INFO: Authorization header: Bearer eyJhbGciOiJIUzI1NiIsInR5cCI6IkpXVCJ9.eyJpZCI6MjgsImlhdCI6MTc0NzM4Nzc0MCwiZXhwIjoxNzQ3OTkyNTQwfQ.eTnSjWVUsEEW8aG2LkmL8RlB9fYHPKiKYsvitE4t7bY
[19-05-2025 12:40:45] INFO: Token extracted: eyJhbGciOiJIUzI1NiIsInR5cCI6IkpXVCJ9.eyJpZCI6MjgsImlhdCI6MTc0NzM4Nzc0MCwiZXhwIjoxNzQ3OTkyNTQwfQ.eTnSjWVUsEEW8aG2LkmL8RlB9fYHPKiKYsvitE4t7bY
[19-05-2025 12:40:45] INFO: Decoded token: 28
[19-05-2025 12:40:45] INFO: loginUserId: 28
[19-05-2025 12:40:45] INFO: Authorization header: Bearer eyJhbGciOiJIUzI1NiIsInR5cCI6IkpXVCJ9.eyJpZCI6MjgsImlhdCI6MTc0NzM4Nzc0MCwiZXhwIjoxNzQ3OTkyNTQwfQ.eTnSjWVUsEEW8aG2LkmL8RlB9fYHPKiKYsvitE4t7bY
[19-05-2025 12:40:45] INFO: Token extracted: eyJhbGciOiJIUzI1NiIsInR5cCI6IkpXVCJ9.eyJpZCI6MjgsImlhdCI6MTc0NzM4Nzc0MCwiZXhwIjoxNzQ3OTkyNTQwfQ.eTnSjWVUsEEW8aG2LkmL8RlB9fYHPKiKYsvitE4t7bY
[19-05-2025 12:40:45] INFO: Decoded token: 28
[19-05-2025 12:40:45] INFO: loginUserId: 28
[19-05-2025 12:47:08] INFO: JWT_SECRET: 7424eeddacfddfcdb34c5307a9b166a47133b7b8cebf93cb42b7233316269e4eb11e87e76429e733a3e8c3d03757c2e8179516103a276ae45db724cd2d821486
[19-05-2025 12:47:08] INFO: interfaces: [object Object]
[19-05-2025 12:47:08] INFO: Local IP:", 192.168.1.25
[19-05-2025 12:47:08] INFO: ✅ MongoDB connected
[19-05-2025 12:47:08] INFO: 🚀  Server running at http://192.168.1.25:3005
[19-05-2025 12:47:24] INFO: Authorization header: Bearer eyJhbGciOiJIUzI1NiIsInR5cCI6IkpXVCJ9.eyJpZCI6MjgsImlhdCI6MTc0NzM4Nzc0MCwiZXhwIjoxNzQ3OTkyNTQwfQ.eTnSjWVUsEEW8aG2LkmL8RlB9fYHPKiKYsvitE4t7bY
[19-05-2025 12:47:24] INFO: Token extracted: eyJhbGciOiJIUzI1NiIsInR5cCI6IkpXVCJ9.eyJpZCI6MjgsImlhdCI6MTc0NzM4Nzc0MCwiZXhwIjoxNzQ3OTkyNTQwfQ.eTnSjWVUsEEW8aG2LkmL8RlB9fYHPKiKYsvitE4t7bY
[19-05-2025 12:47:24] INFO: Decoded token: 28
[19-05-2025 12:47:24] INFO: loginUserId: 28
[19-05-2025 12:49:02] INFO: Authorization header: Bearer eyJhbGciOiJIUzI1NiIsInR5cCI6IkpXVCJ9.eyJpZCI6MjgsImlhdCI6MTc0NzM4Nzc0MCwiZXhwIjoxNzQ3OTkyNTQwfQ.eTnSjWVUsEEW8aG2LkmL8RlB9fYHPKiKYsvitE4t7bY
[19-05-2025 12:49:02] INFO: Token extracted: eyJhbGciOiJIUzI1NiIsInR5cCI6IkpXVCJ9.eyJpZCI6MjgsImlhdCI6MTc0NzM4Nzc0MCwiZXhwIjoxNzQ3OTkyNTQwfQ.eTnSjWVUsEEW8aG2LkmL8RlB9fYHPKiKYsvitE4t7bY
[19-05-2025 12:49:02] INFO: Decoded token: 28
[19-05-2025 12:49:02] INFO: existingUser: null
[19-05-2025 12:49:02] INFO: loginUserId: 28
[19-05-2025 12:49:02] INFO: req.user: [object Object]
[19-05-2025 12:49:02] INFO: userData: [object Object]
[19-05-2025 12:49:02] INFO: Next sequence value: {
  _id: new ObjectId('681d8e065d8e620093fad80a'),
  id: 'userId',
  __v: 0,
  seq: 75
}
[19-05-2025 12:49:02] INFO: userCreated: {
  id: 75,
  name: 'john',
  email: 'john@mial.com',
  age: 20,
  loginUserId: 28,
  avatars: [
    'http://192.168.1.25:3005/uploads\\1747639142440-436548420-download-compresskaru.com - Copy - Copy.png',
    'http://192.168.1.25:3005/uploads\\1747639142444-934283778-download-compresskaru.com - Copy.png',
    'http://192.168.1.25:3005/uploads\\1747639142448-37277047-download-compresskaru.com.png',
    'http://192.168.1.25:3005/uploads\\1747639142454-209461191-germany-berlin-mall-of-berlin-mall-thumbnail.jpg'
  ],
  createdAt: 2025-05-19T07:19:02.501Z,
  updatedAt: 2025-05-19T07:19:02.501Z
}
[19-05-2025 12:49:02] INFO: newUser: {
  id: 75,
  name: 'john',
  email: 'john@mial.com',
  age: 20,
  loginUserId: 28,
  avatars: [
    'http://192.168.1.25:3005/uploads\\1747639142440-436548420-download-compresskaru.com - Copy - Copy.png',
    'http://192.168.1.25:3005/uploads\\1747639142444-934283778-download-compresskaru.com - Copy.png',
    'http://192.168.1.25:3005/uploads\\1747639142448-37277047-download-compresskaru.com.png',
    'http://192.168.1.25:3005/uploads\\1747639142454-209461191-germany-berlin-mall-of-berlin-mall-thumbnail.jpg'
  ],
  createdAt: 2025-05-19T07:19:02.501Z,
  updatedAt: 2025-05-19T07:19:02.501Z
}
[19-05-2025 12:50:11] INFO: Authorization header: Bearer eyJhbGciOiJIUzI1NiIsInR5cCI6IkpXVCJ9.eyJpZCI6MjgsImlhdCI6MTc0NzM4Nzc0MCwiZXhwIjoxNzQ3OTkyNTQwfQ.eTnSjWVUsEEW8aG2LkmL8RlB9fYHPKiKYsvitE4t7bY
[19-05-2025 12:50:11] INFO: Token extracted: eyJhbGciOiJIUzI1NiIsInR5cCI6IkpXVCJ9.eyJpZCI6MjgsImlhdCI6MTc0NzM4Nzc0MCwiZXhwIjoxNzQ3OTkyNTQwfQ.eTnSjWVUsEEW8aG2LkmL8RlB9fYHPKiKYsvitE4t7bY
[19-05-2025 12:50:11] INFO: Decoded token: 28
[19-05-2025 12:50:11] INFO: loginUserId: 28
[19-05-2025 12:55:11] INFO: Authorization header: Bearer eyJhbGciOiJIUzI1NiIsInR5cCI6IkpXVCJ9.eyJpZCI6MjgsImlhdCI6MTc0NzM4Nzc0MCwiZXhwIjoxNzQ3OTkyNTQwfQ.eTnSjWVUsEEW8aG2LkmL8RlB9fYHPKiKYsvitE4t7bY
[19-05-2025 12:55:11] INFO: Token extracted: eyJhbGciOiJIUzI1NiIsInR5cCI6IkpXVCJ9.eyJpZCI6MjgsImlhdCI6MTc0NzM4Nzc0MCwiZXhwIjoxNzQ3OTkyNTQwfQ.eTnSjWVUsEEW8aG2LkmL8RlB9fYHPKiKYsvitE4t7bY
[19-05-2025 12:55:11] INFO: Decoded token: 28
[19-05-2025 12:55:11] INFO: loginUserId: 28
[19-05-2025 12:55:11] INFO: Authorization header: Bearer eyJhbGciOiJIUzI1NiIsInR5cCI6IkpXVCJ9.eyJpZCI6MjgsImlhdCI6MTc0NzM4Nzc0MCwiZXhwIjoxNzQ3OTkyNTQwfQ.eTnSjWVUsEEW8aG2LkmL8RlB9fYHPKiKYsvitE4t7bY
[19-05-2025 12:55:11] INFO: Token extracted: eyJhbGciOiJIUzI1NiIsInR5cCI6IkpXVCJ9.eyJpZCI6MjgsImlhdCI6MTc0NzM4Nzc0MCwiZXhwIjoxNzQ3OTkyNTQwfQ.eTnSjWVUsEEW8aG2LkmL8RlB9fYHPKiKYsvitE4t7bY
[19-05-2025 12:55:11] INFO: Decoded token: 28
[19-05-2025 12:55:11] INFO: loginUserId: 28
[19-05-2025 12:55:39] INFO: Authorization header: Bearer eyJhbGciOiJIUzI1NiIsInR5cCI6IkpXVCJ9.eyJpZCI6MjgsImlhdCI6MTc0NzM4Nzc0MCwiZXhwIjoxNzQ3OTkyNTQwfQ.eTnSjWVUsEEW8aG2LkmL8RlB9fYHPKiKYsvitE4t7bY
[19-05-2025 12:55:39] INFO: Token extracted: eyJhbGciOiJIUzI1NiIsInR5cCI6IkpXVCJ9.eyJpZCI6MjgsImlhdCI6MTc0NzM4Nzc0MCwiZXhwIjoxNzQ3OTkyNTQwfQ.eTnSjWVUsEEW8aG2LkmL8RlB9fYHPKiKYsvitE4t7bY
[19-05-2025 12:55:39] INFO: Decoded token: 28
[19-05-2025 12:55:39] INFO: loginUserId: 28
[19-05-2025 12:55:39] INFO: Authorization header: Bearer eyJhbGciOiJIUzI1NiIsInR5cCI6IkpXVCJ9.eyJpZCI6MjgsImlhdCI6MTc0NzM4Nzc0MCwiZXhwIjoxNzQ3OTkyNTQwfQ.eTnSjWVUsEEW8aG2LkmL8RlB9fYHPKiKYsvitE4t7bY
[19-05-2025 12:55:39] INFO: Token extracted: eyJhbGciOiJIUzI1NiIsInR5cCI6IkpXVCJ9.eyJpZCI6MjgsImlhdCI6MTc0NzM4Nzc0MCwiZXhwIjoxNzQ3OTkyNTQwfQ.eTnSjWVUsEEW8aG2LkmL8RlB9fYHPKiKYsvitE4t7bY
[19-05-2025 12:55:39] INFO: Decoded token: 28
[19-05-2025 12:55:39] INFO: loginUserId: 28
[19-05-2025 12:57:25] INFO: JWT_SECRET: 7424eeddacfddfcdb34c5307a9b166a47133b7b8cebf93cb42b7233316269e4eb11e87e76429e733a3e8c3d03757c2e8179516103a276ae45db724cd2d821486
[19-05-2025 12:57:25] INFO: interfaces: [object Object]
[19-05-2025 12:57:25] INFO: Local IP:", 192.168.1.25
[19-05-2025 12:57:25] INFO: ✅ MongoDB connected
[19-05-2025 12:57:25] INFO: 🚀  Server running at http://192.168.1.25:3005
[19-05-2025 12:57:36] INFO: Authorization header: Bearer eyJhbGciOiJIUzI1NiIsInR5cCI6IkpXVCJ9.eyJpZCI6MjgsImlhdCI6MTc0NzM4Nzc0MCwiZXhwIjoxNzQ3OTkyNTQwfQ.eTnSjWVUsEEW8aG2LkmL8RlB9fYHPKiKYsvitE4t7bY
[19-05-2025 12:57:36] INFO: Token extracted: eyJhbGciOiJIUzI1NiIsInR5cCI6IkpXVCJ9.eyJpZCI6MjgsImlhdCI6MTc0NzM4Nzc0MCwiZXhwIjoxNzQ3OTkyNTQwfQ.eTnSjWVUsEEW8aG2LkmL8RlB9fYHPKiKYsvitE4t7bY
[19-05-2025 12:57:36] INFO: Decoded token: 28
[19-05-2025 12:57:36] INFO: loginUserId: 28
[19-05-2025 12:57:36] INFO: Authorization header: Bearer eyJhbGciOiJIUzI1NiIsInR5cCI6IkpXVCJ9.eyJpZCI6MjgsImlhdCI6MTc0NzM4Nzc0MCwiZXhwIjoxNzQ3OTkyNTQwfQ.eTnSjWVUsEEW8aG2LkmL8RlB9fYHPKiKYsvitE4t7bY
[19-05-2025 12:57:36] INFO: Token extracted: eyJhbGciOiJIUzI1NiIsInR5cCI6IkpXVCJ9.eyJpZCI6MjgsImlhdCI6MTc0NzM4Nzc0MCwiZXhwIjoxNzQ3OTkyNTQwfQ.eTnSjWVUsEEW8aG2LkmL8RlB9fYHPKiKYsvitE4t7bY
[19-05-2025 12:57:36] INFO: Decoded token: 28
[19-05-2025 12:57:36] INFO: loginUserId: 28
[19-05-2025 12:57:40] INFO: Authorization header: Bearer eyJhbGciOiJIUzI1NiIsInR5cCI6IkpXVCJ9.eyJpZCI6MjgsImlhdCI6MTc0NzM4Nzc0MCwiZXhwIjoxNzQ3OTkyNTQwfQ.eTnSjWVUsEEW8aG2LkmL8RlB9fYHPKiKYsvitE4t7bY
[19-05-2025 12:57:40] INFO: Token extracted: eyJhbGciOiJIUzI1NiIsInR5cCI6IkpXVCJ9.eyJpZCI6MjgsImlhdCI6MTc0NzM4Nzc0MCwiZXhwIjoxNzQ3OTkyNTQwfQ.eTnSjWVUsEEW8aG2LkmL8RlB9fYHPKiKYsvitE4t7bY
[19-05-2025 12:57:40] INFO: Decoded token: 28
[19-05-2025 12:57:40] INFO: loginUserId: 28
[19-05-2025 12:57:40] INFO: Authorization header: Bearer eyJhbGciOiJIUzI1NiIsInR5cCI6IkpXVCJ9.eyJpZCI6MjgsImlhdCI6MTc0NzM4Nzc0MCwiZXhwIjoxNzQ3OTkyNTQwfQ.eTnSjWVUsEEW8aG2LkmL8RlB9fYHPKiKYsvitE4t7bY
[19-05-2025 12:57:40] INFO: Token extracted: eyJhbGciOiJIUzI1NiIsInR5cCI6IkpXVCJ9.eyJpZCI6MjgsImlhdCI6MTc0NzM4Nzc0MCwiZXhwIjoxNzQ3OTkyNTQwfQ.eTnSjWVUsEEW8aG2LkmL8RlB9fYHPKiKYsvitE4t7bY
[19-05-2025 12:57:40] INFO: Decoded token: 28
[19-05-2025 12:57:40] INFO: loginUserId: 28
[19-05-2025 12:57:46] INFO: Authorization header: Bearer eyJhbGciOiJIUzI1NiIsInR5cCI6IkpXVCJ9.eyJpZCI6MjgsImlhdCI6MTc0NzM4Nzc0MCwiZXhwIjoxNzQ3OTkyNTQwfQ.eTnSjWVUsEEW8aG2LkmL8RlB9fYHPKiKYsvitE4t7bY
[19-05-2025 12:57:46] INFO: Token extracted: eyJhbGciOiJIUzI1NiIsInR5cCI6IkpXVCJ9.eyJpZCI6MjgsImlhdCI6MTc0NzM4Nzc0MCwiZXhwIjoxNzQ3OTkyNTQwfQ.eTnSjWVUsEEW8aG2LkmL8RlB9fYHPKiKYsvitE4t7bY
[19-05-2025 12:57:46] INFO: Decoded token: 28
[19-05-2025 12:57:46] INFO: Authorization header: Bearer eyJhbGciOiJIUzI1NiIsInR5cCI6IkpXVCJ9.eyJpZCI6MjgsImlhdCI6MTc0NzM4Nzc0MCwiZXhwIjoxNzQ3OTkyNTQwfQ.eTnSjWVUsEEW8aG2LkmL8RlB9fYHPKiKYsvitE4t7bY
[19-05-2025 12:57:46] INFO: Token extracted: eyJhbGciOiJIUzI1NiIsInR5cCI6IkpXVCJ9.eyJpZCI6MjgsImlhdCI6MTc0NzM4Nzc0MCwiZXhwIjoxNzQ3OTkyNTQwfQ.eTnSjWVUsEEW8aG2LkmL8RlB9fYHPKiKYsvitE4t7bY
[19-05-2025 12:57:46] INFO: Decoded token: 28
[19-05-2025 12:57:46] INFO: loginUserId: 28
[19-05-2025 12:57:46] INFO: loginUserId: 28
[19-05-2025 12:57:50] INFO: Authorization header: Bearer eyJhbGciOiJIUzI1NiIsInR5cCI6IkpXVCJ9.eyJpZCI6MjgsImlhdCI6MTc0NzM4Nzc0MCwiZXhwIjoxNzQ3OTkyNTQwfQ.eTnSjWVUsEEW8aG2LkmL8RlB9fYHPKiKYsvitE4t7bY
[19-05-2025 12:57:50] INFO: Token extracted: eyJhbGciOiJIUzI1NiIsInR5cCI6IkpXVCJ9.eyJpZCI6MjgsImlhdCI6MTc0NzM4Nzc0MCwiZXhwIjoxNzQ3OTkyNTQwfQ.eTnSjWVUsEEW8aG2LkmL8RlB9fYHPKiKYsvitE4t7bY
[19-05-2025 12:57:50] INFO: Decoded token: 28
[19-05-2025 12:57:50] INFO: loginUserId: 28
[19-05-2025 12:57:50] INFO: Authorization header: Bearer eyJhbGciOiJIUzI1NiIsInR5cCI6IkpXVCJ9.eyJpZCI6MjgsImlhdCI6MTc0NzM4Nzc0MCwiZXhwIjoxNzQ3OTkyNTQwfQ.eTnSjWVUsEEW8aG2LkmL8RlB9fYHPKiKYsvitE4t7bY
[19-05-2025 12:57:50] INFO: Token extracted: eyJhbGciOiJIUzI1NiIsInR5cCI6IkpXVCJ9.eyJpZCI6MjgsImlhdCI6MTc0NzM4Nzc0MCwiZXhwIjoxNzQ3OTkyNTQwfQ.eTnSjWVUsEEW8aG2LkmL8RlB9fYHPKiKYsvitE4t7bY
[19-05-2025 12:57:50] INFO: Decoded token: 28
[19-05-2025 12:57:50] INFO: loginUserId: 28
[19-05-2025 12:57:57] INFO: Authorization header: Bearer eyJhbGciOiJIUzI1NiIsInR5cCI6IkpXVCJ9.eyJpZCI6MjgsImlhdCI6MTc0NzM4Nzc0MCwiZXhwIjoxNzQ3OTkyNTQwfQ.eTnSjWVUsEEW8aG2LkmL8RlB9fYHPKiKYsvitE4t7bY
[19-05-2025 12:57:57] INFO: Token extracted: eyJhbGciOiJIUzI1NiIsInR5cCI6IkpXVCJ9.eyJpZCI6MjgsImlhdCI6MTc0NzM4Nzc0MCwiZXhwIjoxNzQ3OTkyNTQwfQ.eTnSjWVUsEEW8aG2LkmL8RlB9fYHPKiKYsvitE4t7bY
[19-05-2025 12:57:57] INFO: Decoded token: 28
[19-05-2025 12:57:57] INFO: loginUserId: 28
[19-05-2025 12:57:57] INFO: Authorization header: Bearer eyJhbGciOiJIUzI1NiIsInR5cCI6IkpXVCJ9.eyJpZCI6MjgsImlhdCI6MTc0NzM4Nzc0MCwiZXhwIjoxNzQ3OTkyNTQwfQ.eTnSjWVUsEEW8aG2LkmL8RlB9fYHPKiKYsvitE4t7bY
[19-05-2025 12:57:57] INFO: Token extracted: eyJhbGciOiJIUzI1NiIsInR5cCI6IkpXVCJ9.eyJpZCI6MjgsImlhdCI6MTc0NzM4Nzc0MCwiZXhwIjoxNzQ3OTkyNTQwfQ.eTnSjWVUsEEW8aG2LkmL8RlB9fYHPKiKYsvitE4t7bY
[19-05-2025 12:57:57] INFO: Decoded token: 28
[19-05-2025 12:57:57] INFO: loginUserId: 28
[19-05-2025 12:58:12] INFO: Authorization header: Bearer eyJhbGciOiJIUzI1NiIsInR5cCI6IkpXVCJ9.eyJpZCI6MjgsImlhdCI6MTc0NzM4Nzc0MCwiZXhwIjoxNzQ3OTkyNTQwfQ.eTnSjWVUsEEW8aG2LkmL8RlB9fYHPKiKYsvitE4t7bY
[19-05-2025 12:58:12] INFO: Token extracted: eyJhbGciOiJIUzI1NiIsInR5cCI6IkpXVCJ9.eyJpZCI6MjgsImlhdCI6MTc0NzM4Nzc0MCwiZXhwIjoxNzQ3OTkyNTQwfQ.eTnSjWVUsEEW8aG2LkmL8RlB9fYHPKiKYsvitE4t7bY
[19-05-2025 12:58:12] INFO: Decoded token: 28
[19-05-2025 12:58:12] INFO: loginUserId: 28
[19-05-2025 12:58:12] INFO: Authorization header: Bearer eyJhbGciOiJIUzI1NiIsInR5cCI6IkpXVCJ9.eyJpZCI6MjgsImlhdCI6MTc0NzM4Nzc0MCwiZXhwIjoxNzQ3OTkyNTQwfQ.eTnSjWVUsEEW8aG2LkmL8RlB9fYHPKiKYsvitE4t7bY
[19-05-2025 12:58:12] INFO: Token extracted: eyJhbGciOiJIUzI1NiIsInR5cCI6IkpXVCJ9.eyJpZCI6MjgsImlhdCI6MTc0NzM4Nzc0MCwiZXhwIjoxNzQ3OTkyNTQwfQ.eTnSjWVUsEEW8aG2LkmL8RlB9fYHPKiKYsvitE4t7bY
[19-05-2025 12:58:12] INFO: Decoded token: 28
[19-05-2025 12:58:12] INFO: loginUserId: 28
[19-05-2025 14:09:01] INFO: JWT_SECRET: 7424eeddacfddfcdb34c5307a9b166a47133b7b8cebf93cb42b7233316269e4eb11e87e76429e733a3e8c3d03757c2e8179516103a276ae45db724cd2d821486
[19-05-2025 14:09:01] INFO: interfaces: [object Object]
[19-05-2025 14:09:01] INFO: Local IP:", 192.168.1.25
[19-05-2025 14:09:01] INFO: ✅ MongoDB connected
[19-05-2025 14:09:01] INFO: 🚀  Server running at http://192.168.1.25:3005
[19-05-2025 14:09:02] INFO: JWT_SECRET: 7424eeddacfddfcdb34c5307a9b166a47133b7b8cebf93cb42b7233316269e4eb11e87e76429e733a3e8c3d03757c2e8179516103a276ae45db724cd2d821486
[19-05-2025 14:09:02] INFO: interfaces: [object Object]
[19-05-2025 14:09:02] INFO: Local IP:", 192.168.1.25
[19-05-2025 14:09:02] INFO: ✅ MongoDB connected
[19-05-2025 14:09:02] INFO: 🚀  Server running at http://192.168.1.25:3005
[19-05-2025 14:09:07] INFO: Authorization header: Bearer eyJhbGciOiJIUzI1NiIsInR5cCI6IkpXVCJ9.eyJpZCI6MjgsImlhdCI6MTc0NzM4Nzc0MCwiZXhwIjoxNzQ3OTkyNTQwfQ.eTnSjWVUsEEW8aG2LkmL8RlB9fYHPKiKYsvitE4t7bY
[19-05-2025 14:09:07] INFO: Token extracted: eyJhbGciOiJIUzI1NiIsInR5cCI6IkpXVCJ9.eyJpZCI6MjgsImlhdCI6MTc0NzM4Nzc0MCwiZXhwIjoxNzQ3OTkyNTQwfQ.eTnSjWVUsEEW8aG2LkmL8RlB9fYHPKiKYsvitE4t7bY
[19-05-2025 14:09:07] INFO: Decoded token: 28
[19-05-2025 14:09:07] INFO: loginUserId: 28
[19-05-2025 14:09:07] INFO: Authorization header: Bearer eyJhbGciOiJIUzI1NiIsInR5cCI6IkpXVCJ9.eyJpZCI6MjgsImlhdCI6MTc0NzM4Nzc0MCwiZXhwIjoxNzQ3OTkyNTQwfQ.eTnSjWVUsEEW8aG2LkmL8RlB9fYHPKiKYsvitE4t7bY
[19-05-2025 14:09:07] INFO: Token extracted: eyJhbGciOiJIUzI1NiIsInR5cCI6IkpXVCJ9.eyJpZCI6MjgsImlhdCI6MTc0NzM4Nzc0MCwiZXhwIjoxNzQ3OTkyNTQwfQ.eTnSjWVUsEEW8aG2LkmL8RlB9fYHPKiKYsvitE4t7bY
[19-05-2025 14:09:07] INFO: Decoded token: 28
[19-05-2025 14:09:07] INFO: loginUserId: 28
[19-05-2025 14:09:52] INFO: Authorization header: Bearer eyJhbGciOiJIUzI1NiIsInR5cCI6IkpXVCJ9.eyJpZCI6MjgsImlhdCI6MTc0NzM4Nzc0MCwiZXhwIjoxNzQ3OTkyNTQwfQ.eTnSjWVUsEEW8aG2LkmL8RlB9fYHPKiKYsvitE4t7bY
[19-05-2025 14:09:52] INFO: Token extracted: eyJhbGciOiJIUzI1NiIsInR5cCI6IkpXVCJ9.eyJpZCI6MjgsImlhdCI6MTc0NzM4Nzc0MCwiZXhwIjoxNzQ3OTkyNTQwfQ.eTnSjWVUsEEW8aG2LkmL8RlB9fYHPKiKYsvitE4t7bY
[19-05-2025 14:09:52] INFO: Decoded token: 28
[19-05-2025 14:09:52] INFO: loginUserId: 28
[19-05-2025 14:09:52] INFO: Authorization header: Bearer eyJhbGciOiJIUzI1NiIsInR5cCI6IkpXVCJ9.eyJpZCI6MjgsImlhdCI6MTc0NzM4Nzc0MCwiZXhwIjoxNzQ3OTkyNTQwfQ.eTnSjWVUsEEW8aG2LkmL8RlB9fYHPKiKYsvitE4t7bY
[19-05-2025 14:09:52] INFO: Token extracted: eyJhbGciOiJIUzI1NiIsInR5cCI6IkpXVCJ9.eyJpZCI6MjgsImlhdCI6MTc0NzM4Nzc0MCwiZXhwIjoxNzQ3OTkyNTQwfQ.eTnSjWVUsEEW8aG2LkmL8RlB9fYHPKiKYsvitE4t7bY
[19-05-2025 14:09:52] INFO: Decoded token: 28
[19-05-2025 14:09:52] INFO: loginUserId: 28
[19-05-2025 16:32:50] INFO: Authorization header: Bearer eyJhbGciOiJIUzI1NiIsInR5cCI6IkpXVCJ9.eyJpZCI6MjgsImlhdCI6MTc0NzM4Nzc0MCwiZXhwIjoxNzQ3OTkyNTQwfQ.eTnSjWVUsEEW8aG2LkmL8RlB9fYHPKiKYsvitE4t7bY
[19-05-2025 16:32:50] INFO: Token extracted: eyJhbGciOiJIUzI1NiIsInR5cCI6IkpXVCJ9.eyJpZCI6MjgsImlhdCI6MTc0NzM4Nzc0MCwiZXhwIjoxNzQ3OTkyNTQwfQ.eTnSjWVUsEEW8aG2LkmL8RlB9fYHPKiKYsvitE4t7bY
[19-05-2025 16:32:50] INFO: Decoded token: 28
[19-05-2025 16:32:50] INFO: loginUserId: 28
[19-05-2025 16:32:50] INFO: Authorization header: Bearer eyJhbGciOiJIUzI1NiIsInR5cCI6IkpXVCJ9.eyJpZCI6MjgsImlhdCI6MTc0NzM4Nzc0MCwiZXhwIjoxNzQ3OTkyNTQwfQ.eTnSjWVUsEEW8aG2LkmL8RlB9fYHPKiKYsvitE4t7bY
[19-05-2025 16:32:50] INFO: Token extracted: eyJhbGciOiJIUzI1NiIsInR5cCI6IkpXVCJ9.eyJpZCI6MjgsImlhdCI6MTc0NzM4Nzc0MCwiZXhwIjoxNzQ3OTkyNTQwfQ.eTnSjWVUsEEW8aG2LkmL8RlB9fYHPKiKYsvitE4t7bY
[19-05-2025 16:32:50] INFO: Decoded token: 28
[19-05-2025 16:32:50] INFO: loginUserId: 28
[19-05-2025 17:05:09] INFO: JWT_SECRET: 7424eeddacfddfcdb34c5307a9b166a47133b7b8cebf93cb42b7233316269e4eb11e87e76429e733a3e8c3d03757c2e8179516103a276ae45db724cd2d821486
[19-05-2025 17:05:09] INFO: interfaces: [object Object]
[19-05-2025 17:05:09] INFO: Local IP:", 192.168.1.25
[19-05-2025 17:05:09] INFO: ✅ MongoDB connected
[19-05-2025 17:05:09] INFO: 🚀  Server running at http://192.168.1.25:3005
[19-05-2025 17:05:10] INFO: JWT_SECRET: 7424eeddacfddfcdb34c5307a9b166a47133b7b8cebf93cb42b7233316269e4eb11e87e76429e733a3e8c3d03757c2e8179516103a276ae45db724cd2d821486
[19-05-2025 17:05:10] INFO: interfaces: [object Object]
[19-05-2025 17:05:10] INFO: Local IP:", 192.168.1.25
[19-05-2025 17:05:10] INFO: ✅ MongoDB connected
[19-05-2025 17:05:10] INFO: 🚀  Server running at http://192.168.1.25:3005
[19-05-2025 17:11:12] INFO: JWT_SECRET: 7424eeddacfddfcdb34c5307a9b166a47133b7b8cebf93cb42b7233316269e4eb11e87e76429e733a3e8c3d03757c2e8179516103a276ae45db724cd2d821486
[19-05-2025 17:11:12] INFO: interfaces: [object Object]
[19-05-2025 17:11:12] INFO: Local IP:", 192.168.1.25
[19-05-2025 17:11:12] INFO: ✅ MongoDB connected
[19-05-2025 17:11:12] INFO: 🚀  Server running at http://192.168.1.25:3005
[19-05-2025 17:11:14] INFO: Authorization header: Bearer eyJhbGciOiJIUzI1NiIsInR5cCI6IkpXVCJ9.eyJpZCI6MjgsImlhdCI6MTc0NzM4Nzc0MCwiZXhwIjoxNzQ3OTkyNTQwfQ.eTnSjWVUsEEW8aG2LkmL8RlB9fYHPKiKYsvitE4t7bY
[19-05-2025 17:11:14] INFO: Token extracted: eyJhbGciOiJIUzI1NiIsInR5cCI6IkpXVCJ9.eyJpZCI6MjgsImlhdCI6MTc0NzM4Nzc0MCwiZXhwIjoxNzQ3OTkyNTQwfQ.eTnSjWVUsEEW8aG2LkmL8RlB9fYHPKiKYsvitE4t7bY
[19-05-2025 17:11:14] INFO: Decoded token: 28
[19-05-2025 17:11:14] INFO: loginUserId: 28
[19-05-2025 17:11:14] INFO: Authorization header: Bearer eyJhbGciOiJIUzI1NiIsInR5cCI6IkpXVCJ9.eyJpZCI6MjgsImlhdCI6MTc0NzM4Nzc0MCwiZXhwIjoxNzQ3OTkyNTQwfQ.eTnSjWVUsEEW8aG2LkmL8RlB9fYHPKiKYsvitE4t7bY
[19-05-2025 17:11:14] INFO: Token extracted: eyJhbGciOiJIUzI1NiIsInR5cCI6IkpXVCJ9.eyJpZCI6MjgsImlhdCI6MTc0NzM4Nzc0MCwiZXhwIjoxNzQ3OTkyNTQwfQ.eTnSjWVUsEEW8aG2LkmL8RlB9fYHPKiKYsvitE4t7bY
[19-05-2025 17:11:14] INFO: Decoded token: 28
[19-05-2025 17:11:14] INFO: loginUserId: 28
[19-05-2025 17:14:38] INFO: Authorization header: Bearer eyJhbGciOiJIUzI1NiIsInR5cCI6IkpXVCJ9.eyJpZCI6MjgsImlhdCI6MTc0NzM4Nzc0MCwiZXhwIjoxNzQ3OTkyNTQwfQ.eTnSjWVUsEEW8aG2LkmL8RlB9fYHPKiKYsvitE4t7bY
[19-05-2025 17:14:38] INFO: Token extracted: eyJhbGciOiJIUzI1NiIsInR5cCI6IkpXVCJ9.eyJpZCI6MjgsImlhdCI6MTc0NzM4Nzc0MCwiZXhwIjoxNzQ3OTkyNTQwfQ.eTnSjWVUsEEW8aG2LkmL8RlB9fYHPKiKYsvitE4t7bY
[19-05-2025 17:14:38] INFO: Decoded token: 28
[19-05-2025 17:14:38] INFO: loginUserId: 28
[19-05-2025 17:14:38] INFO: Authorization header: Bearer eyJhbGciOiJIUzI1NiIsInR5cCI6IkpXVCJ9.eyJpZCI6MjgsImlhdCI6MTc0NzM4Nzc0MCwiZXhwIjoxNzQ3OTkyNTQwfQ.eTnSjWVUsEEW8aG2LkmL8RlB9fYHPKiKYsvitE4t7bY
[19-05-2025 17:14:38] INFO: Token extracted: eyJhbGciOiJIUzI1NiIsInR5cCI6IkpXVCJ9.eyJpZCI6MjgsImlhdCI6MTc0NzM4Nzc0MCwiZXhwIjoxNzQ3OTkyNTQwfQ.eTnSjWVUsEEW8aG2LkmL8RlB9fYHPKiKYsvitE4t7bY
[19-05-2025 17:14:38] INFO: Decoded token: 28
[19-05-2025 17:14:38] INFO: loginUserId: 28
[19-05-2025 17:15:12] INFO: Authorization header: Bearer eyJhbGciOiJIUzI1NiIsInR5cCI6IkpXVCJ9.eyJpZCI6MjgsImlhdCI6MTc0NzM4Nzc0MCwiZXhwIjoxNzQ3OTkyNTQwfQ.eTnSjWVUsEEW8aG2LkmL8RlB9fYHPKiKYsvitE4t7bY
[19-05-2025 17:15:12] INFO: Token extracted: eyJhbGciOiJIUzI1NiIsInR5cCI6IkpXVCJ9.eyJpZCI6MjgsImlhdCI6MTc0NzM4Nzc0MCwiZXhwIjoxNzQ3OTkyNTQwfQ.eTnSjWVUsEEW8aG2LkmL8RlB9fYHPKiKYsvitE4t7bY
[19-05-2025 17:15:12] INFO: Decoded token: 28
[19-05-2025 17:15:12] INFO: loginUserId: 28
[19-05-2025 17:15:12] INFO: Authorization header: Bearer eyJhbGciOiJIUzI1NiIsInR5cCI6IkpXVCJ9.eyJpZCI6MjgsImlhdCI6MTc0NzM4Nzc0MCwiZXhwIjoxNzQ3OTkyNTQwfQ.eTnSjWVUsEEW8aG2LkmL8RlB9fYHPKiKYsvitE4t7bY
[19-05-2025 17:15:12] INFO: Token extracted: eyJhbGciOiJIUzI1NiIsInR5cCI6IkpXVCJ9.eyJpZCI6MjgsImlhdCI6MTc0NzM4Nzc0MCwiZXhwIjoxNzQ3OTkyNTQwfQ.eTnSjWVUsEEW8aG2LkmL8RlB9fYHPKiKYsvitE4t7bY
[19-05-2025 17:15:12] INFO: Decoded token: 28
[19-05-2025 17:15:12] INFO: loginUserId: 28
[19-05-2025 17:21:24] INFO: Authorization header: Bearer eyJhbGciOiJIUzI1NiIsInR5cCI6IkpXVCJ9.eyJpZCI6MjgsImlhdCI6MTc0NzM4Nzc0MCwiZXhwIjoxNzQ3OTkyNTQwfQ.eTnSjWVUsEEW8aG2LkmL8RlB9fYHPKiKYsvitE4t7bY
[19-05-2025 17:21:24] INFO: Token extracted: eyJhbGciOiJIUzI1NiIsInR5cCI6IkpXVCJ9.eyJpZCI6MjgsImlhdCI6MTc0NzM4Nzc0MCwiZXhwIjoxNzQ3OTkyNTQwfQ.eTnSjWVUsEEW8aG2LkmL8RlB9fYHPKiKYsvitE4t7bY
[19-05-2025 17:21:24] INFO: Decoded token: 28
[19-05-2025 17:21:24] INFO: loginUserId: 28
[19-05-2025 17:21:24] INFO: Authorization header: Bearer eyJhbGciOiJIUzI1NiIsInR5cCI6IkpXVCJ9.eyJpZCI6MjgsImlhdCI6MTc0NzM4Nzc0MCwiZXhwIjoxNzQ3OTkyNTQwfQ.eTnSjWVUsEEW8aG2LkmL8RlB9fYHPKiKYsvitE4t7bY
[19-05-2025 17:21:24] INFO: Token extracted: eyJhbGciOiJIUzI1NiIsInR5cCI6IkpXVCJ9.eyJpZCI6MjgsImlhdCI6MTc0NzM4Nzc0MCwiZXhwIjoxNzQ3OTkyNTQwfQ.eTnSjWVUsEEW8aG2LkmL8RlB9fYHPKiKYsvitE4t7bY
[19-05-2025 17:21:24] INFO: Decoded token: 28
[19-05-2025 17:21:24] INFO: loginUserId: 28
