[16-05-2025 16:19:56] ERROR: MulterError: Unexpected field
    at wrappedFileFilter (D:\backend_node\node_modules\multer\index.js:40:19)
    at Multipart.<anonymous> (D:\backend_node\node_modules\multer\lib\make-middleware.js:109:7)
    at Multipart.emit (node:events:517:28)
    at HeaderParser.cb (D:\backend_node\node_modules\busboy\lib\types\multipart.js:358:14)
    at HeaderParser.push (D:\backend_node\node_modules\busboy\lib\types\multipart.js:162:20)
    at SBMH.ssCb [as _cb] (D:\backend_node\node_modules\busboy\lib\types\multipart.js:394:37)
    at feed (D:\backend_node\node_modules\streamsearch\lib\sbmh.js:248:10)
    at SBMH.push (D:\backend_node\node_modules\streamsearch\lib\sbmh.js:104:16)
    at Multipart._write (D:\backend_node\node_modules\busboy\lib\types\multipart.js:567:19)
    at writeOrBuffer (node:internal/streams/writable:392:12)
[16-05-2025 16:24:55] ERROR: Error: Duplicate image: "download-compresskaru.com.png" already exists.
    at DiskStorage.filename [as getFilename] (file:///D:/backend_node/config/multer.config.js:20:9)
    at D:\backend_node\node_modules\multer\storage\disk.js:34:10
    at DiskStorage.destination [as getDestination] (file:///D:/backend_node/config/multer.config.js:12:5)
    at DiskStorage._handleFile (D:\backend_node\node_modules\multer\storage\disk.js:31:8)
    at D:\backend_node\node_modules\multer\lib\make-middleware.js:139:17
    at fileFilter (file:///D:/backend_node/config/multer.config.js:31:5)
    at wrappedFileFilter (D:\backend_node\node_modules\multer\index.js:44:7)
    at Multipart.<anonymous> (D:\backend_node\node_modules\multer\lib\make-middleware.js:109:7)
    at Multipart.emit (node:events:517:28)
    at HeaderParser.cb (D:\backend_node\node_modules\busboy\lib\types\multipart.js:358:14)
[16-05-2025 16:25:38] ERROR: Uncaught Exception: TypeError: Cannot read properties of undefined (reading 'status')
[16-05-2025 16:28:10] ERROR: Error: Duplicate image: "download-compresskaru.com - Copy - Copy.png" already exists.
    at DiskStorage.filename [as getFilename] (file:///D:/backend_node/config/multer.config.js:20:9)
    at D:\backend_node\node_modules\multer\storage\disk.js:34:10
    at DiskStorage.destination [as getDestination] (file:///D:/backend_node/config/multer.config.js:12:5)
    at DiskStorage._handleFile (D:\backend_node\node_modules\multer\storage\disk.js:31:8)
    at D:\backend_node\node_modules\multer\lib\make-middleware.js:139:17
    at fileFilter (file:///D:/backend_node/config/multer.config.js:31:5)
    at wrappedFileFilter (D:\backend_node\node_modules\multer\index.js:44:7)
    at Multipart.<anonymous> (D:\backend_node\node_modules\multer\lib\make-middleware.js:109:7)
    at Multipart.emit (node:events:517:28)
    at HeaderParser.cb (D:\backend_node\node_modules\busboy\lib\types\multipart.js:358:14)
[16-05-2025 16:32:27] ERROR: Error: Duplicate image: "download-compresskaru.com - Copy.png" already exists.
    at DiskStorage.filename [as getFilename] (file:///D:/backend_node/config/multer.config.js:20:9)
    at D:\backend_node\node_modules\multer\storage\disk.js:34:10
    at DiskStorage.destination [as getDestination] (file:///D:/backend_node/config/multer.config.js:12:5)
    at DiskStorage._handleFile (D:\backend_node\node_modules\multer\storage\disk.js:31:8)
    at D:\backend_node\node_modules\multer\lib\make-middleware.js:139:17
    at fileFilter (file:///D:/backend_node/config/multer.config.js:31:5)
    at wrappedFileFilter (D:\backend_node\node_modules\multer\index.js:44:7)
    at Multipart.<anonymous> (D:\backend_node\node_modules\multer\lib\make-middleware.js:109:7)
    at Multipart.emit (node:events:517:28)
    at HeaderParser.cb (D:\backend_node\node_modules\busboy\lib\types\multipart.js:358:14)
[16-05-2025 16:33:36] ERROR: Error: Duplicate image: "germany-berlin-mall-of-berlin-mall-thumbnail.jpg" already exists.
    at DiskStorage.filename [as getFilename] (file:///D:/backend_node/config/multer.config.js:20:9)
    at D:\backend_node\node_modules\multer\storage\disk.js:34:10
    at DiskStorage.destination [as getDestination] (file:///D:/backend_node/config/multer.config.js:12:5)
    at DiskStorage._handleFile (D:\backend_node\node_modules\multer\storage\disk.js:31:8)
    at D:\backend_node\node_modules\multer\lib\make-middleware.js:139:17
    at fileFilter (file:///D:/backend_node/config/multer.config.js:31:5)
    at wrappedFileFilter (D:\backend_node\node_modules\multer\index.js:44:7)
    at Multipart.<anonymous> (D:\backend_node\node_modules\multer\lib\make-middleware.js:109:7)
    at Multipart.emit (node:events:517:28)
    at HeaderParser.cb (D:\backend_node\node_modules\busboy\lib\types\multipart.js:358:14)
[16-05-2025 16:33:45] ERROR: Error: Duplicate image: "germany-berlin-mall-of-berlin-mall-thumbnail.jpg" already exists.
    at DiskStorage.filename [as getFilename] (file:///D:/backend_node/config/multer.config.js:20:9)
    at D:\backend_node\node_modules\multer\storage\disk.js:34:10
    at DiskStorage.destination [as getDestination] (file:///D:/backend_node/config/multer.config.js:12:5)
    at DiskStorage._handleFile (D:\backend_node\node_modules\multer\storage\disk.js:31:8)
    at D:\backend_node\node_modules\multer\lib\make-middleware.js:139:17
    at fileFilter (file:///D:/backend_node/config/multer.config.js:31:5)
    at wrappedFileFilter (D:\backend_node\node_modules\multer\index.js:44:7)
    at Multipart.<anonymous> (D:\backend_node\node_modules\multer\lib\make-middleware.js:109:7)
    at Multipart.emit (node:events:517:28)
    at HeaderParser.cb (D:\backend_node\node_modules\busboy\lib\types\multipart.js:358:14)
[16-05-2025 16:33:58] ERROR: Error: Duplicate image: "germany-berlin-mall-of-berlin-mall-thumbnail.jpg" already exists.
    at DiskStorage.filename [as getFilename] (file:///D:/backend_node/config/multer.config.js:20:9)
    at D:\backend_node\node_modules\multer\storage\disk.js:34:10
    at DiskStorage.destination [as getDestination] (file:///D:/backend_node/config/multer.config.js:12:5)
    at DiskStorage._handleFile (D:\backend_node\node_modules\multer\storage\disk.js:31:8)
    at D:\backend_node\node_modules\multer\lib\make-middleware.js:139:17
    at fileFilter (file:///D:/backend_node/config/multer.config.js:31:5)
    at wrappedFileFilter (D:\backend_node\node_modules\multer\index.js:44:7)
    at Multipart.<anonymous> (D:\backend_node\node_modules\multer\lib\make-middleware.js:109:7)
    at Multipart.emit (node:events:517:28)
    at HeaderParser.cb (D:\backend_node\node_modules\busboy\lib\types\multipart.js:358:14)
[16-05-2025 16:34:06] ERROR: Error: Duplicate image: "germany-berlin-mall-of-berlin-mall-thumbnail.jpg" already exists.
    at DiskStorage.filename [as getFilename] (file:///D:/backend_node/config/multer.config.js:20:9)
    at D:\backend_node\node_modules\multer\storage\disk.js:34:10
    at DiskStorage.destination [as getDestination] (file:///D:/backend_node/config/multer.config.js:12:5)
    at DiskStorage._handleFile (D:\backend_node\node_modules\multer\storage\disk.js:31:8)
    at D:\backend_node\node_modules\multer\lib\make-middleware.js:139:17
    at fileFilter (file:///D:/backend_node/config/multer.config.js:31:5)
    at wrappedFileFilter (D:\backend_node\node_modules\multer\index.js:44:7)
    at Multipart.<anonymous> (D:\backend_node\node_modules\multer\lib\make-middleware.js:109:7)
    at Multipart.emit (node:events:517:28)
    at HeaderParser.cb (D:\backend_node\node_modules\busboy\lib\types\multipart.js:358:14)
